#
# A fatal error has been detected by the Java Runtime Environment:
#
#  SIGSEGV (0xb) at pc=0x00007feb5aec9760, pid=10004, tid=0x00007feb9c4ae700
#
# JRE version: Java(TM) SE Runtime Environment (8.0_144-b01) (build 1.8.0_144-b01)
# Java VM: Java HotSpot(TM) 64-Bit Server VM (25.144-b01 mixed mode linux-amd64 compressed oops)
# Problematic frame:
# C  [libvlccore.so.7+0x88760]
#
# Failed to write core dump. Core dumps have been disabled. To enable core dumping, try "ulimit -c unlimited" before starting Java again
#
# If you would like to submit a bug report, please visit:
#   http://bugreport.java.com/bugreport/crash.jsp
# The crash happened outside the Java Virtual Machine in native code.
# See problematic frame for where to report the bug.
#

---------------  T H R E A D  ---------------

Current thread (0x00007febc435e000):  JavaThread "AWT-EventQueue-0" [_thread_in_native, id=10025, stack(0x00007feb9c3ae000,0x00007feb9c4af000)]

siginfo: si_signo: 11 (SIGSEGV), si_code: 1 (SEGV_MAPERR), si_addr: 0x0000000000000000

Registers:
RAX=0x0000000000000016, RBX=0x00007febc41ae090, RCX=0x000000000000006f, RDX=0x00007feb5aec9760
RSP=0x00007feb9c4aa1b8, RBP=0x00007feb5aec9760, RSI=0x0000000000000000, RDI=0x00007feb9c4aa1f8
R8 =0x00007febc46cc0a0, R9 =0x00007febc435eaf8, R10=0x00007feb9c4aa1a0, R11=0x00007feb5b164c60
R12=0x00007feb9c4aa1f8, R13=0x00007feb5b169b0f, R14=0x0000000000000002, R15=0x00007feb9c4aac50
RIP=0x00007feb5aec9760, EFLAGS=0x0000000000010206, CSGSFS=0x0000000000000033, ERR=0x0000000000000004
  TRAPNO=0x000000000000000e

Top of Stack: (sp=0x00007feb9c4aa1b8)
0x00007feb9c4aa1b8:   00007febcb663f30 00007febc46cc090
0x00007feb9c4aa1c8:   00007febc46cc128 00007febc46cc0a0
0x00007feb9c4aa1d8:   00007feb5aeca603 00007feb5b169b97
0x00007feb9c4aa1e8:   00007feb44aed7d8 00007febb443bce0
0x00007feb9c4aa1f8:   00007feb5b169b0f 00007febc46cc128
0x00007feb9c4aa208:   0000000003000059 0000000000000001
0x00007feb9c4aa218:   fffffffffffffffc 0000000000000002
0x00007feb9c4aa228:   00007feb5b164c87 00007febb443bce0
0x00007feb9c4aa238:   00007feb9c4aa378 00007feb9c4aa250
0x00007feb9c4aa248:   00007feb5b5837a0 0000000000000000
0x00007feb9c4aa258:   00007feb9c4aacd0 00007feb9c4aa340
0x00007feb9c4aa268:   00007feb5b58329b 0000000000000008
0x00007feb9c4aa278:   00007feb9c4aac50 00007feb9c4aa1a0
0x00007feb9c4aa288:   00007feb9c4aa3d0 00007feb9c4aa30c
0x00007feb9c4aa298:   00007feb9c4aa308 00007feb9c4aa2f0
0x00007feb9c4aa2a8:   00007feb9c4aa350 00007feb9c4aacd0
0x00007feb9c4aa2b8:   00007feb5b164c60 00007feb9c4aa250
0x00007feb9c4aa2c8:   00007feb9c4aa370 0000000200000002
0x00007feb9c4aa2d8:   0000000200000000 0000000100000002
0x00007feb9c4aa2e8:   00007feb9c4aa2f4 0000000000000002
0x00007feb9c4aa2f8:   00007feb6c0012c8 00007feb9c4aa3e0
0x00007feb9c4aa308:   0000000100000000 00007feb9c4aa380
0x00007feb9c4aa318:   0000000000000000 00007feb9c4aa3e0
0x00007feb9c4aa328:   00007feb9c4aa360 00007feb9c4aa380
0x00007feb9c4aa338:   0000000000000002 00007feb9c4aacc0
0x00007feb9c4aa348:   00007feb5b576e41 00007feb9c4aa3d0
0x00007feb9c4aa358:   00007feb9c4aa3d8 000000000000001f
0x00007feb9c4aa368:   0000000000000000 00007feb5b585eb0
0x00007feb9c4aa378:   00007feb5b585f10 00007febb442b51a
0x00007feb9c4aa388:   00007feb9c4aa3c8 00007febb44d5c40
0x00007feb9c4aa398:   0000000000000000 00007febb442b528
0x00007feb9c4aa3a8:   0000000000000000 00007feb9c4aa3e0 

Instructions: (pc=0x00007feb5aec9760)
0x00007feb5aec9740:   53 48 8b 17 48 89 fb 48 8d 3d f7 b5 03 00 48 85
0x00007feb5aec9750:   d2 48 0f 45 fa e8 16 7a f8 ff 48 89 03 5b c3 90
0x00007feb5aec9760:   48 8b 36 48 8b 3f e9 25 7b f8 ff 0f 1f 44 00 00
0x00007feb5aec9770:   48 85 ff 74 0b 48 85 f6 74 16 e9 11 7b f8 ff 90 

Register to memory mapping:

RAX=0x0000000000000016 is an unknown value
RBX=0x00007febc41ae090 is an unknown value
RCX=0x000000000000006f is an unknown value
RDX=0x00007feb5aec9760: <offset 0x88760> in /usr/lib/libvlccore.so.7 at 0x00007feb5ae41000
RSP=0x00007feb9c4aa1b8 is pointing into the stack for thread: 0x00007febc435e000
RBP=0x00007feb5aec9760: <offset 0x88760> in /usr/lib/libvlccore.so.7 at 0x00007feb5ae41000
RSI=0x0000000000000000 is an unknown value
RDI=0x00007feb9c4aa1f8 is pointing into the stack for thread: 0x00007febc435e000
R8 =0x00007febc46cc0a0 is an unknown value
R9 =0x00007febc435eaf8 is an unknown value
R10=0x00007feb9c4aa1a0 is pointing into the stack for thread: 0x00007febc435e000
R11=0x00007feb5b164c60: libvlc_media_player_set_xwindow+0 in /usr/lib/libvlc.so.5.4.0 at 0x00007feb5b155000
R12=0x00007feb9c4aa1f8 is pointing into the stack for thread: 0x00007febc435e000
R13=0x00007feb5b169b0f: <offset 0x14b0f> in /usr/lib/libvlc.so.5.4.0 at 0x00007feb5b155000
R14=0x0000000000000002 is an unknown value
R15=0x00007feb9c4aac50 is pointing into the stack for thread: 0x00007febc435e000


Stack: [0x00007feb9c3ae000,0x00007feb9c4af000],  sp=0x00007feb9c4aa1b8,  free space=1008k
Native frames: (J=compiled Java code, j=interpreted, Vv=VM code, C=native code)
C  [libvlccore.so.7+0x88760]

Java frames: (J=compiled Java code, j=interpreted, Vv=VM code)
j  com.sun.jna.Native.invokeVoid(JI[Ljava/lang/Object;)V+0
J 2921 C1 com.sun.jna.Function.invoke([Ljava/lang/Object;Ljava/lang/Class;Z)Ljava/lang/Object; (828 bytes) @ 0x00007febb593f47c [0x00007febb593aee0+0x459c]
j  com.sun.jna.Function.invoke(Ljava/lang/Class;[Ljava/lang/Object;Ljava/util/Map;)Ljava/lang/Object;+262
J 2919 C1 com.sun.jna.Library$Handler.invoke(Ljava/lang/Object;Ljava/lang/reflect/Method;[Ljava/lang/Object;)Ljava/lang/Object; (320 bytes) @ 0x00007febb59386a4 [0x00007febb5936a40+0x1c64]
j  com.sun.proxy.$Proxy1.libvlc_media_player_set_xwindow(Luk/co/caprica/vlcj/binding/internal/libvlc_media_player_t;I)V+23
j  uk.co.caprica.vlcj.player.embedded.videosurface.linux.LinuxVideoSurfaceAdapter.attach(Luk/co/caprica/vlcj/binding/LibVlc;Luk/co/caprica/vlcj/player/MediaPlayer;J)V+24
j  uk.co.caprica.vlcj.player.embedded.videosurface.CanvasVideoSurface.attach(Luk/co/caprica/vlcj/binding/LibVlc;Luk/co/caprica/vlcj/player/MediaPlayer;)V+51
j  uk.co.caprica.vlcj.player.embedded.DefaultEmbeddedMediaPlayer.attachVideoSurface()V+40
j  uk.co.caprica.vlcj.player.embedded.DefaultEmbeddedMediaPlayer.onBeforePlay()V+12
j  uk.co.caprica.vlcj.player.DefaultMediaPlayer.play()V+12
j  uk.co.caprica.vlcj.player.DefaultMediaPlayer.playMedia(Luk/co/caprica/vlcj/player/media/Media;)Z+21
j  uk.co.caprica.vlcj.player.DefaultMediaPlayer.playMedia(Ljava/lang/String;[Ljava/lang/String;)Z+26
j  Moduls.MyPlayerVideo.VideoOrganiser.play()V+68
j  Moduls.MyPlayerVideo.VideoOrganiser.access$000(LModuls/MyPlayerVideo/VideoOrganiser;)V+1
j  Moduls.MyPlayerVideo.VideoOrganiser$1.mouseClicked(Ljava/awt/event/MouseEvent;)V+12
j  java.awt.AWTEventMulticaster.mouseClicked(Ljava/awt/event/MouseEvent;)V+21
j  java.awt.Component.processMouseEvent(Ljava/awt/event/MouseEvent;)V+74
j  javax.swing.JComponent.processMouseEvent(Ljava/awt/event/MouseEvent;)V+23
j  java.awt.Component.processEvent(Ljava/awt/AWTEvent;)V+81
j  java.awt.Container.processEvent(Ljava/awt/AWTEvent;)V+18
j  java.awt.Component.dispatchEventImpl(Ljava/awt/AWTEvent;)V+589
J 2840 C1 java.awt.Container.dispatchEventImpl(Ljava/awt/AWTEvent;)V (129 bytes) @ 0x00007febb5909ea4 [0x00007febb5909d60+0x144]
J 2841 C1 java.awt.Component.dispatchEvent(Ljava/awt/AWTEvent;)V (6 bytes) @ 0x00007febb590ae44 [0x00007febb590ad40+0x104]
j  java.awt.LightweightDispatcher.retargetMouseEvent(Ljava/awt/Component;ILjava/awt/event/MouseEvent;)V+327
j  java.awt.LightweightDispatcher.processMouseEvent(Ljava/awt/event/MouseEvent;)Z+171
j  java.awt.LightweightDispatcher.dispatchEvent(Ljava/awt/AWTEvent;)Z+50
J 2840 C1 java.awt.Container.dispatchEventImpl(Ljava/awt/AWTEvent;)V (129 bytes) @ 0x00007febb5909e44 [0x00007febb5909d60+0xe4]
j  java.awt.Window.dispatchEventImpl(Ljava/awt/AWTEvent;)V+19
J 2555 C1 java.awt.EventQueue.dispatchEventImpl(Ljava/awt/AWTEvent;Ljava/lang/Object;)V (149 bytes) @ 0x00007febb5809f2c [0x00007febb5808700+0x182c]
J 2151 C1 java.awt.EventQueue$3.run()Ljava/lang/Void; (60 bytes) @ 0x00007febb56d8fc4 [0x00007febb56d8dc0+0x204]
J 2150 C1 java.awt.EventQueue$3.run()Ljava/lang/Object; (5 bytes) @ 0x00007febb56d8a4c [0x00007febb56d89c0+0x8c]
v  ~StubRoutines::call_stub
J 1230  java.security.AccessController.doPrivileged(Ljava/security/PrivilegedAction;Ljava/security/AccessControlContext;)Ljava/lang/Object; (0 bytes) @ 0x00007febb541ba23 [0x00007febb541b9c0+0x63]
J 2057 C1 java.awt.EventQueue$4.run()Ljava/lang/Object; (5 bytes) @ 0x00007febb568c724 [0x00007febb568c300+0x424]
v  ~StubRoutines::call_stub
J 1230  java.security.AccessController.doPrivileged(Ljava/security/PrivilegedAction;Ljava/security/AccessControlContext;)Ljava/lang/Object; (0 bytes) @ 0x00007febb541ba23 [0x00007febb541b9c0+0x63]
J 2169 C1 java.awt.EventQueue.dispatchEvent(Ljava/awt/AWTEvent;)V (80 bytes) @ 0x00007febb56e2214 [0x00007febb56e13c0+0xe54]
J 1352 C1 java.awt.EventDispatchThread.pumpOneEventForFilters(I)V (295 bytes) @ 0x00007febb5485fec [0x00007febb5484340+0x1cac]
j  java.awt.EventDispatchThread.pumpEventsForFilter(ILjava/awt/Conditional;Ljava/awt/EventFilter;)V+35
j  java.awt.EventDispatchThread.pumpEventsForHierarchy(ILjava/awt/Conditional;Ljava/awt/Component;)V+11
j  java.awt.EventDispatchThread.pumpEvents(ILjava/awt/Conditional;)V+4
j  java.awt.EventDispatchThread.pumpEvents(Ljava/awt/Conditional;)V+3
j  java.awt.EventDispatchThread.run()V+9
v  ~StubRoutines::call_stub

---------------  P R O C E S S  ---------------

Java Threads: ( => current thread )
  0x00007febc400a800 JavaThread "DestroyJavaVM" [_thread_blocked, id=10008, stack(0x00007febcc054000,0x00007febcc155000)]
  0x00007febc466f000 JavaThread "Thread-3" daemon [_thread_blocked, id=10049, stack(0x00007feb5b996000,0x00007feb5ba97000)]
  0x00007febc453a800 JavaThread "Image Fetcher 0" daemon [_thread_blocked, id=10045, stack(0x00007feb5bd98000,0x00007feb5be99000)]
  0x00007febc44c3800 JavaThread "Thread-2" [_thread_blocked, id=10044, stack(0x00007feb6707e000,0x00007feb6717f000)]
  0x00007febc4490000 JavaThread "Java Sound Event Dispatcher" daemon [_thread_blocked, id=10038, stack(0x00007feb6717f000,0x00007feb67280000)]
  0x00007febc436d000 JavaThread "TimerQueue" daemon [_thread_blocked, id=10026, stack(0x00007feb9c0ad000,0x00007feb9c1ae000)]
=>0x00007febc435e000 JavaThread "AWT-EventQueue-0" [_thread_in_native, id=10025, stack(0x00007feb9c3ae000,0x00007feb9c4af000)]
  0x00007febc435c000 JavaThread "AWT-Shutdown" [_thread_blocked, id=10024, stack(0x00007feb9c4af000,0x00007feb9c5b0000)]
  0x00007febc4319000 JavaThread "AWT-XAWT" daemon [_thread_in_native, id=10023, stack(0x00007feb9c5b0000,0x00007feb9c6b1000)]
  0x00007febc42f0000 JavaThread "Java2D Disposer" daemon [_thread_blocked, id=10022, stack(0x00007feb9cac1000,0x00007feb9cbc2000)]
  0x00007febc40c1000 JavaThread "Service Thread" daemon [_thread_blocked, id=10020, stack(0x00007feb9ed0a000,0x00007feb9ee0b000)]
  0x00007febc40be000 JavaThread "C1 CompilerThread2" daemon [_thread_in_native, id=10019, stack(0x00007feb9ee0b000,0x00007feb9ef0c000)]
  0x00007febc40bc000 JavaThread "C2 CompilerThread1" daemon [_thread_blocked, id=10018, stack(0x00007feb9ef0c000,0x00007feb9f00d000)]
  0x00007febc40b9000 JavaThread "C2 CompilerThread0" daemon [_thread_blocked, id=10017, stack(0x00007feb9f00d000,0x00007feb9f10e000)]
  0x00007febc40b8000 JavaThread "Signal Dispatcher" daemon [_thread_blocked, id=10016, stack(0x00007feb9f10e000,0x00007feb9f20f000)]
  0x00007febc4084800 JavaThread "Finalizer" daemon [_thread_blocked, id=10015, stack(0x00007feb9f4f5000,0x00007feb9f5f6000)]
  0x00007febc4080000 JavaThread "Reference Handler" daemon [_thread_blocked, id=10014, stack(0x00007feb9f5f6000,0x00007feb9f6f7000)]

Other Threads:
  0x00007febc4078800 VMThread [stack: 0x00007feb9f6f7000,0x00007feb9f7f8000] [id=10013]
  0x00007febc40c4000 WatcherThread [stack: 0x00007feb9ec09000,0x00007feb9ed0a000] [id=10021]

VM state:not at safepoint (normal execution)

VM Mutex/Monitor currently owned by a thread: None

Heap:
 PSYoungGen      total 36864K, used 17370K [0x00000000d6f80000, 0x00000000db780000, 0x0000000100000000)
  eden space 31744K, 54% used [0x00000000d6f80000,0x00000000d8076858,0x00000000d8e80000)
  from space 5120K, 0% used [0x00000000d8e80000,0x00000000d8e80000,0x00000000d9380000)
  to   space 5120K, 0% used [0x00000000db280000,0x00000000db280000,0x00000000db780000)
 ParOldGen       total 74240K, used 15898K [0x0000000084e00000, 0x0000000089680000, 0x00000000d6f80000)
  object space 74240K, 21% used [0x0000000084e00000,0x0000000085d86a30,0x0000000089680000)
 Metaspace       used 21985K, capacity 22343K, committed 22704K, reserved 1069056K
  class space    used 2804K, capacity 2925K, committed 2992K, reserved 1048576K

Card table byte_map: [0x00007febc8a3b000,0x00007febc8e15000] byte_map_base: 0x00007febc8614000

Marking Bits: (ParMarkBitMap*) 0x00007febcb53ddc0
 Begin Bits: [0x00007feba4270000, 0x00007feba6138000)
 End Bits:   [0x00007feba6138000, 0x00007feba8000000)

Polling page: 0x00007febcc18a000

CodeCache: size=245760Kb used=9469Kb max_used=9469Kb free=236290Kb
 bounds [0x00007febb5000000, 0x00007febb5950000, 0x00007febc4000000]
 total_blobs=3554 nmethods=2921 adapters=544
 compilation: enabled

Compilation events (10 events):
Event: 5,886 Thread 0x00007febc40b9000 nmethod 2917 0x00007febb5936110 code [0x00007febb5936260, 0x00007febb59364f8]
Event: 5,923 Thread 0x00007febc40be000 2919   !   3       com.sun.jna.Library$Handler::invoke (320 bytes)
Event: 5,925 Thread 0x00007febc40be000 nmethod 2919 0x00007febb5936610 code [0x00007febb5936a40, 0x00007febb59391b8]
Event: 5,936 Thread 0x00007febc40be000 2920       1       ddf.minim.javasound.BasicMetaData::length (6 bytes)
Event: 5,936 Thread 0x00007febc40be000 nmethod 2920 0x00007febb5935e50 code [0x00007febb5935fa0, 0x00007febb59360b0]
Event: 6,022 Thread 0x00007febc40be000 2921       3       com.sun.jna.Function::invoke (828 bytes)
Event: 6,036 Thread 0x00007febc40be000 nmethod 2921 0x00007febb593a690 code [0x00007febb593aee0, 0x00007febb5940a28]
Event: 6,044 Thread 0x00007febc40be000 2922       3       com.sun.jna.PointerType::toNative (5 bytes)
Event: 6,044 Thread 0x00007febc40be000 nmethod 2922 0x00007febb5935a50 code [0x00007febb5935bc0, 0x00007febb5935db0]
Event: 6,044 Thread 0x00007febc40be000 2923   !   3       com.sun.jna.Native::getLibraryOptions (318 bytes)

GC Heap History (8 events):
Event: 0,961 GC heap before
{Heap before GC invocations=1 (full 0):
 PSYoungGen      total 36864K, used 31744K [0x00000000d6f80000, 0x00000000d9880000, 0x0000000100000000)
  eden space 31744K, 100% used [0x00000000d6f80000,0x00000000d8e80000,0x00000000d8e80000)
  from space 5120K, 0% used [0x00000000d9380000,0x00000000d9380000,0x00000000d9880000)
  to   space 5120K, 0% used [0x00000000d8e80000,0x00000000d8e80000,0x00000000d9380000)
 ParOldGen       total 84992K, used 0K [0x0000000084e00000, 0x000000008a100000, 0x00000000d6f80000)
  object space 84992K, 0% used [0x0000000084e00000,0x0000000084e00000,0x000000008a100000)
 Metaspace       used 14686K, capacity 14950K, committed 15104K, reserved 1062912K
  class space    used 1915K, capacity 2004K, committed 2048K, reserved 1048576K
Event: 0,969 GC heap after
Heap after GC invocations=1 (full 0):
 PSYoungGen      total 36864K, used 3504K [0x00000000d6f80000, 0x00000000d9880000, 0x0000000100000000)
  eden space 31744K, 0% used [0x00000000d6f80000,0x00000000d6f80000,0x00000000d8e80000)
  from space 5120K, 68% used [0x00000000d8e80000,0x00000000d91ec3d0,0x00000000d9380000)
  to   space 5120K, 0% used [0x00000000d9380000,0x00000000d9380000,0x00000000d9880000)
 ParOldGen       total 84992K, used 8016K [0x0000000084e00000, 0x000000008a100000, 0x00000000d6f80000)
  object space 84992K, 9% used [0x0000000084e00000,0x00000000855d4030,0x000000008a100000)
 Metaspace       used 14686K, capacity 14950K, committed 15104K, reserved 1062912K
  class space    used 1915K, capacity 2004K, committed 2048K, reserved 1048576K
}
Event: 1,822 GC heap before
{Heap before GC invocations=2 (full 0):
 PSYoungGen      total 36864K, used 35248K [0x00000000d6f80000, 0x00000000d9880000, 0x0000000100000000)
  eden space 31744K, 100% used [0x00000000d6f80000,0x00000000d8e80000,0x00000000d8e80000)
  from space 5120K, 68% used [0x00000000d8e80000,0x00000000d91ec3d0,0x00000000d9380000)
  to   space 5120K, 0% used [0x00000000d9380000,0x00000000d9380000,0x00000000d9880000)
 ParOldGen       total 84992K, used 8016K [0x0000000084e00000, 0x000000008a100000, 0x00000000d6f80000)
  object space 84992K, 9% used [0x0000000084e00000,0x00000000855d4030,0x000000008a100000)
 Metaspace       used 20332K, capacity 20630K, committed 20992K, reserved 1067008K
  class space    used 2656K, capacity 2762K, committed 2816K, reserved 1048576K
Event: 1,837 GC heap after
Heap after GC invocations=2 (full 0):
 PSYoungGen      total 36864K, used 5098K [0x00000000d6f80000, 0x00000000db780000, 0x0000000100000000)
  eden space 31744K, 0% used [0x00000000d6f80000,0x00000000d6f80000,0x00000000d8e80000)
  from space 5120K, 99% used [0x00000000d9380000,0x00000000d987aaf8,0x00000000d9880000)
  to   space 5120K, 0% used [0x00000000d8e80000,0x00000000d8e80000,0x00000000d9380000)
 ParOldGen       total 84992K, used 11353K [0x0000000084e00000, 0x000000008a100000, 0x00000000d6f80000)
  object space 84992K, 13% used [0x0000000084e00000,0x00000000859167a8,0x000000008a100000)
 Metaspace       used 20332K, capacity 20630K, committed 20992K, reserved 1067008K
  class space    used 2656K, capacity 2762K, committed 2816K, reserved 1048576K
}
Event: 2,071 GC heap before
{Heap before GC invocations=3 (full 0):
 PSYoungGen      total 36864K, used 10686K [0x00000000d6f80000, 0x00000000db780000, 0x0000000100000000)
  eden space 31744K, 17% used [0x00000000d6f80000,0x00000000d74f4ef0,0x00000000d8e80000)
  from space 5120K, 99% used [0x00000000d9380000,0x00000000d987aaf8,0x00000000d9880000)
  to   space 5120K, 0% used [0x00000000d8e80000,0x00000000d8e80000,0x00000000d9380000)
 ParOldGen       total 84992K, used 11353K [0x0000000084e00000, 0x000000008a100000, 0x00000000d6f80000)
  object space 84992K, 13% used [0x0000000084e00000,0x00000000859167a8,0x000000008a100000)
 Metaspace       used 20867K, capacity 21179K, committed 21296K, reserved 1067008K
  class space    used 2735K, capacity 2859K, committed 2864K, reserved 1048576K
Event: 2,077 GC heap after
Heap after GC invocations=3 (full 0):
 PSYoungGen      total 36864K, used 5088K [0x00000000d6f80000, 0x00000000db780000, 0x0000000100000000)
  eden space 31744K, 0% used [0x00000000d6f80000,0x00000000d6f80000,0x00000000d8e80000)
  from space 5120K, 99% used [0x00000000d8e80000,0x00000000d9378318,0x00000000d9380000)
  to   space 5120K, 0% used [0x00000000db280000,0x00000000db280000,0x00000000db780000)
 ParOldGen       total 84992K, used 11772K [0x0000000084e00000, 0x000000008a100000, 0x00000000d6f80000)
  object space 84992K, 13% used [0x0000000084e00000,0x000000008597f100,0x000000008a100000)
 Metaspace       used 20867K, capacity 21179K, committed 21296K, reserved 1067008K
  class space    used 2735K, capacity 2859K, committed 2864K, reserved 1048576K
}
Event: 2,077 GC heap before
{Heap before GC invocations=4 (full 1):
 PSYoungGen      total 36864K, used 5088K [0x00000000d6f80000, 0x00000000db780000, 0x0000000100000000)
  eden space 31744K, 0% used [0x00000000d6f80000,0x00000000d6f80000,0x00000000d8e80000)
  from space 5120K, 99% used [0x00000000d8e80000,0x00000000d9378318,0x00000000d9380000)
  to   space 5120K, 0% used [0x00000000db280000,0x00000000db280000,0x00000000db780000)
 ParOldGen       total 84992K, used 11772K [0x0000000084e00000, 0x000000008a100000, 0x00000000d6f80000)
  object space 84992K, 13% used [0x0000000084e00000,0x000000008597f100,0x000000008a100000)
 Metaspace       used 20867K, capacity 21179K, committed 21296K, reserved 1067008K
  class space    used 2735K, capacity 2859K, committed 2864K, reserved 1048576K
Event: 2,112 GC heap after
Heap after GC invocations=4 (full 1):
 PSYoungGen      total 36864K, used 0K [0x00000000d6f80000, 0x00000000db780000, 0x0000000100000000)
  eden space 31744K, 0% used [0x00000000d6f80000,0x00000000d6f80000,0x00000000d8e80000)
  from space 5120K, 0% used [0x00000000d8e80000,0x00000000d8e80000,0x00000000d9380000)
  to   space 5120K, 0% used [0x00000000db280000,0x00000000db280000,0x00000000db780000)
 ParOldGen       total 74240K, used 15898K [0x0000000084e00000, 0x0000000089680000, 0x00000000d6f80000)
  object space 74240K, 21% used [0x0000000084e00000,0x0000000085d86a30,0x0000000089680000)
 Metaspace       used 20867K, capacity 21179K, committed 21296K, reserved 1067008K
  class space    used 2735K, capacity 2859K, committed 2864K, reserved 1048576K
}

Deoptimization events (10 events):
Event: 2,705 Thread 0x00007febc435e000 Uncommon trap: reason=unstable_if action=reinterpret pc=0x00007febb573fb74 method=sun.font.CMap$CMapFormat4.getGlyph(I)C @ 181
Event: 3,559 Thread 0x00007febc435e000 Uncommon trap: reason=unstable_if action=reinterpret pc=0x00007febb5725770 method=java.lang.StrictMath.floorOrCeil(DDDD)D @ 115
Event: 3,566 Thread 0x00007febc435e000 Uncommon trap: reason=unstable_if action=reinterpret pc=0x00007febb586f6b8 method=sun.font.FontDesignMetrics.stringWidth(Ljava/lang/String;)I @ 85
Event: 3,566 Thread 0x00007febc435e000 Uncommon trap: reason=unstable_if action=reinterpret pc=0x00007febb581542c method=sun.font.FileFontStrike.getCachedGlyphPtrInternal(I)J @ 99
Event: 3,579 Thread 0x00007febc435e000 Uncommon trap: reason=unstable_if action=reinterpret pc=0x00007febb581d2d8 method=java.awt.geom.RoundRectIterator.<init>(Ljava/awt/geom/RoundRectangle2D;Ljava/awt/geom/AffineTransform;)V @ 83
Event: 3,579 Thread 0x00007febc435e000 Uncommon trap: reason=unstable_if action=reinterpret pc=0x00007febb5844c84 method=sun.java2d.pipe.AAShapePipe.renderPath(Lsun/java2d/SunGraphics2D;Ljava/awt/Shape;Ljava/awt/BasicStroke;)V @ 69
Event: 3,579 Thread 0x00007febc435e000 Uncommon trap: reason=unstable_if action=reinterpret pc=0x00007febb58578d4 method=sun.java2d.pipe.AAShapePipe.renderPath(Lsun/java2d/SunGraphics2D;Ljava/awt/Shape;Ljava/awt/BasicStroke;)V @ 69
Event: 3,579 Thread 0x00007febc435e000 Uncommon trap: reason=unstable_if action=reinterpret pc=0x00007febb583faa0 method=sun.java2d.pipe.AAShapePipe.renderPath(Lsun/java2d/SunGraphics2D;Ljava/awt/Shape;Ljava/awt/BasicStroke;)V @ 69
Event: 3,583 Thread 0x00007febc435e000 Uncommon trap: reason=unstable_if action=reinterpret pc=0x00007febb579d06c method=sun.java2d.SunGraphics2D.validateColor()V @ 38
Event: 3,583 Thread 0x00007febc435e000 Uncommon trap: reason=unstable_if action=reinterpret pc=0x00007febb5794b8c method=sun.java2d.xr.XRCompositeManager.validateCompositeState(Ljava/awt/Composite;Ljava/awt/geom/AffineTransform;Ljava/awt/Paint;Lsun/java2d/SunGraphics2D;)V @ 24

Internal exceptions (10 events):
Event: 0,181 Thread 0x00007febc400a800 Exception <a 'java/io/FileNotFoundException'> (0x00000000d7281960) thrown at [/HUDSON3/workspace/8-2-build-linux-amd64/jdk8u144/9417/hotspot/src/share/vm/prims/jni.cpp, line 709]
Event: 0,428 Thread 0x00007febc435e000 Exception <a 'java/lang/UnsupportedOperationException': > (0x00000000d7483138) thrown at [/HUDSON3/workspace/8-2-build-linux-amd64/jdk8u144/9417/hotspot/src/share/vm/prims/jni.cpp, line 735]
Event: 0,718 Thread 0x00007febc400a800 Implicit null exception at 0x00007febb52ebda2 to 0x00007febb52ecd49
Event: 1,561 Thread 0x00007febc400a800 Exception <a 'java/io/FileNotFoundException'> (0x00000000d7f70030) thrown at [/HUDSON3/workspace/8-2-build-linux-amd64/jdk8u144/9417/hotspot/src/share/vm/prims/jni.cpp, line 709]
Event: 1,569 Thread 0x00007febc400a800 Exception <a 'java/io/FileNotFoundException'> (0x00000000d7f808f8) thrown at [/HUDSON3/workspace/8-2-build-linux-amd64/jdk8u144/9417/hotspot/src/share/vm/prims/jni.cpp, line 709]
Event: 1,784 Thread 0x00007febc400a800 Exception <a 'java/lang/UnsatisfiedLinkError': libX11.so: sdílený objektový soubor nelze otevřít: Adresář nebo soubor neexistuje> (0x00000000d8a8e7b0) thrown at [/HUDSON3/workspace/8-2-build-linux-amd64/jdk8u144/9417/hotspot/src/share/vm/prims/jni.
Event: 1,784 Thread 0x00007febc400a800 Exception <a 'java/lang/UnsatisfiedLinkError': libX11.so: sdílený objektový soubor nelze otevřít: Adresář nebo soubor neexistuje> (0x00000000d8a8f9d8) thrown at [/HUDSON3/workspace/8-2-build-linux-amd64/jdk8u144/9417/hotspot/src/share/vm/prims/jni.
Event: 1,808 Thread 0x00007febc400a800 Exception <a 'java/lang/UnsatisfiedLinkError': libvlc.so: sdílený objektový soubor nelze otevřít: Adresář nebo soubor neexistuje> (0x00000000d8c55e10) thrown at [/HUDSON3/workspace/8-2-build-linux-amd64/jdk8u144/9417/hotspot/src/share/vm/prims/jni.
Event: 1,808 Thread 0x00007febc400a800 Exception <a 'java/lang/UnsatisfiedLinkError': libvlc.so: sdílený objektový soubor nelze otevřít: Adresář nebo soubor neexistuje> (0x00000000d8c571f8) thrown at [/HUDSON3/workspace/8-2-build-linux-amd64/jdk8u144/9417/hotspot/src/share/vm/prims/jni.
Event: 3,566 Thread 0x00007febc435e000 Implicit null exception at 0x00007febb58152b5 to 0x00007febb5815415

Events (10 events):
Event: 6,041 loading class uk/co/caprica/vlcj/player/media/simple/SimpleMedia
Event: 6,041 loading class uk/co/caprica/vlcj/player/media/simple/SimpleMedia done
Event: 6,042 loading class uk/co/caprica/vlcj/player/media/AbstractMedia
Event: 6,042 loading class uk/co/caprica/vlcj/player/media/AbstractMedia done
Event: 6,042 loading class uk/co/caprica/vlcj/player/MediaResourceLocator
Event: 6,042 loading class uk/co/caprica/vlcj/player/MediaResourceLocator done
Event: 6,044 loading class com/sun/jna/Native$AWT
Event: 6,044 loading class com/sun/jna/Native$AWT done
Event: 6,045 loading class java/awt/HeadlessException
Event: 6,045 loading class java/awt/HeadlessException done


Dynamic libraries:
00400000-00401000 r-xp 00000000 08:13 1735061                            /opt/java/jdk1.8.0_144/bin/java
00600000-00601000 rw-p 00000000 08:13 1735061                            /opt/java/jdk1.8.0_144/bin/java
01299000-012ba000 rw-p 00000000 00:00 0                                  [heap]
84e00000-89680000 rw-p 00000000 00:00 0 
89680000-d6f80000 ---p 00000000 00:00 0 
d6f80000-db780000 rw-p 00000000 00:00 0 
db780000-100000000 ---p 00000000 00:00 0 
100000000-1002ec000 rw-p 00000000 00:00 0 
1002ec000-140000000 ---p 00000000 00:00 0 
7feb30000000-7feb30021000 rw-p 00000000 00:00 0 
7feb30021000-7feb34000000 ---p 00000000 00:00 0 
7feb36aee000-7feb36b18000 r-xp 00000000 08:13 1734806                    /opt/java/jdk1.8.0_144/jre/lib/amd64/libdcpr.so
7feb36b18000-7feb36d18000 ---p 0002a000 08:13 1734806                    /opt/java/jdk1.8.0_144/jre/lib/amd64/libdcpr.so
7feb36d18000-7feb36d1b000 rw-p 0002a000 08:13 1734806                    /opt/java/jdk1.8.0_144/jre/lib/amd64/libdcpr.so
7feb36d1b000-7feb36d1c000 ---p 00000000 00:00 0 
7feb36d1c000-7feb3751c000 rw-p 00000000 00:00 0                          [stack:10048]
7feb3751c000-7feb37550000 r-xp 00000000 08:14 2338435                    /usr/lib/x86_64-linux-gnu/gvfs/libgvfscommon.so
7feb37550000-7feb37750000 ---p 00034000 08:14 2338435                    /usr/lib/x86_64-linux-gnu/gvfs/libgvfscommon.so
7feb37750000-7feb37755000 r--p 00034000 08:14 2338435                    /usr/lib/x86_64-linux-gnu/gvfs/libgvfscommon.so
7feb37755000-7feb37756000 rw-p 00039000 08:14 2338435                    /usr/lib/x86_64-linux-gnu/gvfs/libgvfscommon.so
7feb37756000-7feb37785000 r-xp 00000000 08:14 2346516                    /usr/lib/x86_64-linux-gnu/gio/modules/libgvfsdbus.so
7feb37785000-7feb37985000 ---p 0002f000 08:14 2346516                    /usr/lib/x86_64-linux-gnu/gio/modules/libgvfsdbus.so
7feb37985000-7feb37986000 r--p 0002f000 08:14 2346516                    /usr/lib/x86_64-linux-gnu/gio/modules/libgvfsdbus.so
7feb37986000-7feb37987000 rw-p 00030000 08:14 2346516                    /usr/lib/x86_64-linux-gnu/gio/modules/libgvfsdbus.so
7feb37987000-7feb37988000 rw-p 00000000 00:00 0 
7feb37988000-7feb379a3000 r-xp 00000000 08:14 2277852                    /usr/lib/x86_64-linux-gnu/libmagic.so.1.0.0
7feb379a3000-7feb37ba2000 ---p 0001b000 08:14 2277852                    /usr/lib/x86_64-linux-gnu/libmagic.so.1.0.0
7feb37ba2000-7feb37ba3000 r--p 0001a000 08:14 2277852                    /usr/lib/x86_64-linux-gnu/libmagic.so.1.0.0
7feb37ba3000-7feb37ba4000 rw-p 0001b000 08:14 2277852                    /usr/lib/x86_64-linux-gnu/libmagic.so.1.0.0
7feb37ba4000-7feb37ba7000 r-xp 00000000 08:14 2278048                    /usr/lib/x86_64-linux-gnu/libpulse-simple.so.0.0.4
7feb37ba7000-7feb37da6000 ---p 00003000 08:14 2278048                    /usr/lib/x86_64-linux-gnu/libpulse-simple.so.0.0.4
7feb37da6000-7feb37da7000 r--p 00002000 08:14 2278048                    /usr/lib/x86_64-linux-gnu/libpulse-simple.so.0.0.4
7feb37da7000-7feb37da8000 rw-p 00003000 08:14 2278048                    /usr/lib/x86_64-linux-gnu/libpulse-simple.so.0.0.4
7feb37ddd000-7feb37dfd000 r-xp 00000000 08:11 526205                     /lib/x86_64-linux-gnu/libselinux.so.1
7feb37dfd000-7feb37ffc000 ---p 00020000 08:11 526205                     /lib/x86_64-linux-gnu/libselinux.so.1
7feb37ffc000-7feb37ffd000 r--p 0001f000 08:11 526205                     /lib/x86_64-linux-gnu/libselinux.so.1
7feb37ffd000-7feb37ffe000 rw-p 00020000 08:11 526205                     /lib/x86_64-linux-gnu/libselinux.so.1
7feb37ffe000-7feb38000000 rw-p 00000000 00:00 0 
7feb38000000-7feb3802c000 rw-p 00000000 00:00 0 
7feb3802c000-7feb3c000000 ---p 00000000 00:00 0 
7feb3c000000-7feb3c021000 rw-p 00000000 00:00 0 
7feb3c021000-7feb40000000 ---p 00000000 00:00 0 
7feb40000000-7feb40123000 rw-p 00000000 00:00 0 
7feb40123000-7feb44000000 ---p 00000000 00:00 0 
7feb441e3000-7feb441e6000 r-xp 00000000 08:14 2277574                    /usr/lib/x86_64-linux-gnu/libgmodule-2.0.so.0.4002.0
7feb441e6000-7feb443e5000 ---p 00003000 08:14 2277574                    /usr/lib/x86_64-linux-gnu/libgmodule-2.0.so.0.4002.0
7feb443e5000-7feb443e6000 r--p 00002000 08:14 2277574                    /usr/lib/x86_64-linux-gnu/libgmodule-2.0.so.0.4002.0
7feb443e6000-7feb443e7000 rw-p 00003000 08:14 2277574                    /usr/lib/x86_64-linux-gnu/libgmodule-2.0.so.0.4002.0
7feb443e7000-7feb44553000 r-xp 00000000 08:14 2277558                    /usr/lib/x86_64-linux-gnu/libgio-2.0.so.0.4002.0
7feb44553000-7feb44752000 ---p 0016c000 08:14 2277558                    /usr/lib/x86_64-linux-gnu/libgio-2.0.so.0.4002.0
7feb44752000-7feb44756000 r--p 0016b000 08:14 2277558                    /usr/lib/x86_64-linux-gnu/libgio-2.0.so.0.4002.0
7feb44756000-7feb44758000 rw-p 0016f000 08:14 2277558                    /usr/lib/x86_64-linux-gnu/libgio-2.0.so.0.4002.0
7feb44758000-7feb4475a000 rw-p 00000000 00:00 0 
7feb4475a000-7feb447dd000 r-xp 00000000 08:14 2277369                    /usr/lib/x86_64-linux-gnu/libdirac_encoder.so.0.1.0
7feb447dd000-7feb449dc000 ---p 00083000 08:14 2277369                    /usr/lib/x86_64-linux-gnu/libdirac_encoder.so.0.1.0
7feb449dc000-7feb449df000 r--p 00082000 08:14 2277369                    /usr/lib/x86_64-linux-gnu/libdirac_encoder.so.0.1.0
7feb449df000-7feb449e0000 rw-p 00085000 08:14 2277369                    /usr/lib/x86_64-linux-gnu/libdirac_encoder.so.0.1.0
7feb449e0000-7feb449e1000 rw-p 00000000 00:00 0 
7feb449e7000-7feb44b27000 rw-p 00000000 00:00 0 
7feb44b27000-7feb44be7000 ---p 00000000 00:00 0 
7feb44be7000-7feb44be9000 r-xp 00000000 08:14 2278311                    /usr/lib/x86_64-linux-gnu/libxcb-shm.so.0.0.0
7feb44be9000-7feb44de8000 ---p 00002000 08:14 2278311                    /usr/lib/x86_64-linux-gnu/libxcb-shm.so.0.0.0
7feb44de8000-7feb44de9000 r--p 00001000 08:14 2278311                    /usr/lib/x86_64-linux-gnu/libxcb-shm.so.0.0.0
7feb44de9000-7feb44dea000 rw-p 00002000 08:14 2278311                    /usr/lib/x86_64-linux-gnu/libxcb-shm.so.0.0.0
7feb44dea000-7feb44df0000 r-xp 00000000 08:14 2278321                    /usr/lib/x86_64-linux-gnu/libxcb-xv.so.0.0.0
7feb44df0000-7feb44fef000 ---p 00006000 08:14 2278321                    /usr/lib/x86_64-linux-gnu/libxcb-xv.so.0.0.0
7feb44fef000-7feb44ff0000 r--p 00005000 08:14 2278321                    /usr/lib/x86_64-linux-gnu/libxcb-xv.so.0.0.0
7feb44ff0000-7feb44ff1000 rw-p 00006000 08:14 2278321                    /usr/lib/x86_64-linux-gnu/libxcb-xv.so.0.0.0
7feb44ff1000-7feb44ff8000 r-xp 00000000 08:14 2339107                    /usr/lib/vlc/plugins/video_output/libxcb_xv_plugin.so
7feb44ff8000-7feb451f7000 ---p 00007000 08:14 2339107                    /usr/lib/vlc/plugins/video_output/libxcb_xv_plugin.so
7feb451f7000-7feb451f8000 r--p 00006000 08:14 2339107                    /usr/lib/vlc/plugins/video_output/libxcb_xv_plugin.so
7feb451f8000-7feb451f9000 rw-p 00007000 08:14 2339107                    /usr/lib/vlc/plugins/video_output/libxcb_xv_plugin.so
7feb451f9000-7feb45201000 r-xp 00000000 08:11 526137                     /lib/x86_64-linux-gnu/libnih-dbus.so.1.0.0
7feb45201000-7feb45401000 ---p 00008000 08:11 526137                     /lib/x86_64-linux-gnu/libnih-dbus.so.1.0.0
7feb45401000-7feb45402000 r--p 00008000 08:11 526137                     /lib/x86_64-linux-gnu/libnih-dbus.so.1.0.0
7feb45402000-7feb45403000 rw-p 00009000 08:11 526137                     /lib/x86_64-linux-gnu/libnih-dbus.so.1.0.0
7feb45403000-7feb4541a000 r-xp 00000000 08:11 526139                     /lib/x86_64-linux-gnu/libnih.so.1.0.0
7feb4541a000-7feb45619000 ---p 00017000 08:11 526139                     /lib/x86_64-linux-gnu/libnih.so.1.0.0
7feb45619000-7feb4561a000 r--p 00016000 08:11 526139                     /lib/x86_64-linux-gnu/libnih.so.1.0.0
7feb4561a000-7feb4561b000 rw-p 00017000 08:11 526139                     /lib/x86_64-linux-gnu/libnih.so.1.0.0
7feb4561b000-7feb45634000 r-xp 00000000 08:11 524373                     /lib/x86_64-linux-gnu/libcgmanager.so.0.0.0
7feb45634000-7feb45833000 ---p 00019000 08:11 524373                     /lib/x86_64-linux-gnu/libcgmanager.so.0.0.0
7feb45833000-7feb45835000 r--p 00018000 08:11 524373                     /lib/x86_64-linux-gnu/libcgmanager.so.0.0.0
7feb45835000-7feb45836000 rw-p 0001a000 08:11 524373                     /lib/x86_64-linux-gnu/libcgmanager.so.0.0.0
7feb45836000-7feb4583a000 r-xp 00000000 08:11 526107                     /lib/x86_64-linux-gnu/libgpg-error.so.0.10.0
7feb4583a000-7feb45a39000 ---p 00004000 08:11 526107                     /lib/x86_64-linux-gnu/libgpg-error.so.0.10.0
7feb45a39000-7feb45a3a000 r--p 00003000 08:11 526107                     /lib/x86_64-linux-gnu/libgpg-error.so.0.10.0
7feb45a3a000-7feb45a3b000 rw-p 00004000 08:11 526107                     /lib/x86_64-linux-gnu/libgpg-error.so.0.10.0
7feb45a3b000-7feb45a4b000 r-xp 00000000 08:11 523477                     /lib/x86_64-linux-gnu/libudev.so.1.3.5
7feb45a4b000-7feb45c4a000 ---p 00010000 08:11 523477                     /lib/x86_64-linux-gnu/libudev.so.1.3.5
7feb45c4a000-7feb45c4b000 r--p 0000f000 08:11 523477                     /lib/x86_64-linux-gnu/libudev.so.1.3.5
7feb45c4b000-7feb45c4c000 rw-p 00010000 08:11 523477                     /lib/x86_64-linux-gnu/libudev.so.1.3.5
7feb45c4c000-7feb45cc8000 r-xp 00000000 08:11 526049                     /lib/x86_64-linux-gnu/libgcrypt.so.11.8.2
7feb45cc8000-7feb45ec8000 ---p 0007c000 08:11 526049                     /lib/x86_64-linux-gnu/libgcrypt.so.11.8.2
7feb45ec8000-7feb45ec9000 r--p 0007c000 08:11 526049                     /lib/x86_64-linux-gnu/libgcrypt.so.11.8.2
7feb45ec9000-7feb45ecc000 rw-p 0007d000 08:11 526049                     /lib/x86_64-linux-gnu/libgcrypt.so.11.8.2
7feb45ecc000-7feb45ee1000 r-xp 00000000 08:11 526229                     /lib/x86_64-linux-gnu/libusb-1.0.so.0.1.0
7feb45ee1000-7feb460e1000 ---p 00015000 08:11 526229                     /lib/x86_64-linux-gnu/libusb-1.0.so.0.1.0
7feb460e1000-7feb460e2000 r--p 00015000 08:11 526229                     /lib/x86_64-linux-gnu/libusb-1.0.so.0.1.0
7feb460e2000-7feb460e3000 rw-p 00016000 08:11 526229                     /lib/x86_64-linux-gnu/libusb-1.0.so.0.1.0
7feb460e3000-7feb46138000 r-xp 00000000 08:14 2276185                    /usr/lib/x86_64-linux-gnu/libmtp.so.9.1.0
7feb46138000-7feb46338000 ---p 00055000 08:14 2276185                    /usr/lib/x86_64-linux-gnu/libmtp.so.9.1.0
7feb46338000-7feb46340000 r--p 00055000 08:14 2276185                    /usr/lib/x86_64-linux-gnu/libmtp.so.9.1.0
7feb46340000-7feb4634a000 rw-p 0005d000 08:14 2276185                    /usr/lib/x86_64-linux-gnu/libmtp.so.9.1.0
7feb4634a000-7feb4634c000 r-xp 00000000 08:14 2340617                    /usr/lib/vlc/plugins/services_discovery/libmtp_plugin.so
7feb4634c000-7feb4654b000 ---p 00002000 08:14 2340617                    /usr/lib/vlc/plugins/services_discovery/libmtp_plugin.so
7feb4654b000-7feb4654c000 r--p 00001000 08:14 2340617                    /usr/lib/vlc/plugins/services_discovery/libmtp_plugin.so
7feb4654c000-7feb4654d000 rw-p 00002000 08:14 2340617                    /usr/lib/vlc/plugins/services_discovery/libmtp_plugin.so
7feb4654d000-7feb46552000 r-xp 00000000 08:14 2340636                    /usr/lib/vlc/plugins/audio_output/libalsa_plugin.so
7feb46552000-7feb46751000 ---p 00005000 08:14 2340636                    /usr/lib/vlc/plugins/audio_output/libalsa_plugin.so
7feb46751000-7feb46752000 r--p 00004000 08:14 2340636                    /usr/lib/vlc/plugins/audio_output/libalsa_plugin.so
7feb46752000-7feb46753000 rw-p 00005000 08:14 2340636                    /usr/lib/vlc/plugins/audio_output/libalsa_plugin.so
7feb46753000-7feb46757000 r-xp 00000000 08:11 523445                     /lib/x86_64-linux-gnu/libuuid.so.1.3.0
7feb46757000-7feb46956000 ---p 00004000 08:11 523445                     /lib/x86_64-linux-gnu/libuuid.so.1.3.0
7feb46956000-7feb46957000 r--p 00003000 08:11 523445                     /lib/x86_64-linux-gnu/libuuid.so.1.3.0
7feb46957000-7feb46958000 rw-p 00004000 08:11 523445                     /lib/x86_64-linux-gnu/libuuid.so.1.3.0
7feb46958000-7feb4695f000 r-xp 00000000 08:14 2274921                    /usr/lib/x86_64-linux-gnu/libffi.so.6.0.1
7feb4695f000-7feb46b5e000 ---p 00007000 08:14 2274921                    /usr/lib/x86_64-linux-gnu/libffi.so.6.0.1
7feb46b5e000-7feb46b5f000 r--p 00006000 08:14 2274921                    /usr/lib/x86_64-linux-gnu/libffi.so.6.0.1
7feb46b5f000-7feb46b60000 rw-p 00007000 08:14 2274921                    /usr/lib/x86_64-linux-gnu/libffi.so.6.0.1
7feb46b60000-7feb46b9d000 r-xp 00000000 08:11 526093                     /lib/x86_64-linux-gnu/libpcre.so.3.13.1
7feb46b9d000-7feb46d9c000 ---p 0003d000 08:11 526093                     /lib/x86_64-linux-gnu/libpcre.so.3.13.1
7feb46d9c000-7feb46d9d000 r--p 0003c000 08:11 526093                     /lib/x86_64-linux-gnu/libpcre.so.3.13.1
7feb46d9d000-7feb46d9e000 rw-p 0003d000 08:11 526093                     /lib/x86_64-linux-gnu/libpcre.so.3.13.1
7feb46d9e000-7feb46dfd000 r-xp 00000000 08:14 2277149                    /usr/lib/x86_64-linux-gnu/libXt.so.6.0.0
7feb46dfd000-7feb46ffd000 ---p 0005f000 08:14 2277149                    /usr/lib/x86_64-linux-gnu/libXt.so.6.0.0
7feb46ffd000-7feb46ffe000 r--p 0005f000 08:14 2277149                    /usr/lib/x86_64-linux-gnu/libXt.so.6.0.0
7feb46ffe000-7feb47003000 rw-p 00060000 08:14 2277149                    /usr/lib/x86_64-linux-gnu/libXt.so.6.0.0
7feb47003000-7feb47004000 rw-p 00000000 00:00 0 
7feb47004000-7feb4702b000 r-xp 00000000 08:11 524429                     /lib/x86_64-linux-gnu/libexpat.so.1.6.0
7feb4702b000-7feb4722b000 ---p 00027000 08:11 524429                     /lib/x86_64-linux-gnu/libexpat.so.1.6.0
7feb4722b000-7feb4722d000 r--p 00027000 08:11 524429                     /lib/x86_64-linux-gnu/libexpat.so.1.6.0
7feb4722d000-7feb4722e000 rw-p 00029000 08:11 524429                     /lib/x86_64-linux-gnu/libexpat.so.1.6.0
7feb4722e000-7feb47245000 r-xp 00000000 08:14 2276968                    /usr/lib/x86_64-linux-gnu/libICE.so.6.3.0
7feb47245000-7feb47444000 ---p 00017000 08:14 2276968                    /usr/lib/x86_64-linux-gnu/libICE.so.6.3.0
7feb47444000-7feb47445000 r--p 00016000 08:14 2276968                    /usr/lib/x86_64-linux-gnu/libICE.so.6.3.0
7feb47445000-7feb47446000 rw-p 00017000 08:14 2276968                    /usr/lib/x86_64-linux-gnu/libICE.so.6.3.0
7feb47446000-7feb4744a000 rw-p 00000000 00:00 0 
7feb4744a000-7feb47451000 r-xp 00000000 08:14 2277096                    /usr/lib/x86_64-linux-gnu/libSM.so.6.0.1
7feb47451000-7feb47650000 ---p 00007000 08:14 2277096                    /usr/lib/x86_64-linux-gnu/libSM.so.6.0.1
7feb47650000-7feb47651000 r--p 00006000 08:14 2277096                    /usr/lib/x86_64-linux-gnu/libSM.so.6.0.1
7feb47651000-7feb47652000 rw-p 00007000 08:14 2277096                    /usr/lib/x86_64-linux-gnu/libSM.so.6.0.1
7feb47652000-7feb476a1000 r-xp 00000000 08:14 2277598                    /usr/lib/x86_64-linux-gnu/libgobject-2.0.so.0.4002.0
7feb476a1000-7feb478a1000 ---p 0004f000 08:14 2277598                    /usr/lib/x86_64-linux-gnu/libgobject-2.0.so.0.4002.0
7feb478a1000-7feb478a2000 r--p 0004f000 08:14 2277598                    /usr/lib/x86_64-linux-gnu/libgobject-2.0.so.0.4002.0
7feb478a2000-7feb478a3000 rw-p 00050000 08:14 2277598                    /usr/lib/x86_64-linux-gnu/libgobject-2.0.so.0.4002.0
7feb478a3000-7feb479a9000 r-xp 00000000 08:11 526105                     /lib/x86_64-linux-gnu/libglib-2.0.so.0.4002.0
7feb479a9000-7feb47ba8000 ---p 00106000 08:11 526105                     /lib/x86_64-linux-gnu/libglib-2.0.so.0.4002.0
7feb47ba8000-7feb47ba9000 r--p 00105000 08:11 526105                     /lib/x86_64-linux-gnu/libglib-2.0.so.0.4002.0
7feb47ba9000-7feb47baa000 rw-p 00106000 08:11 526105                     /lib/x86_64-linux-gnu/libglib-2.0.so.0.4002.0
7feb47baa000-7feb47bab000 rw-p 00000000 00:00 0 
7feb47bab000-7feb47bc2000 r-xp 00000000 08:14 2277218                    /usr/lib/x86_64-linux-gnu/libaudio.so.2.4
7feb47bc2000-7feb47dc1000 ---p 00017000 08:14 2277218                    /usr/lib/x86_64-linux-gnu/libaudio.so.2.4
7feb47dc1000-7feb47dc2000 r--p 00016000 08:14 2277218                    /usr/lib/x86_64-linux-gnu/libaudio.so.2.4
7feb47dc2000-7feb47dc3000 rw-p 00017000 08:14 2277218                    /usr/lib/x86_64-linux-gnu/libaudio.so.2.4
7feb47dc3000-7feb47dfd000 r-xp 00000000 08:14 2274260                    /usr/lib/x86_64-linux-gnu/libfontconfig.so.1.8.0
7feb47dfd000-7feb47ffc000 ---p 0003a000 08:14 2274260                    /usr/lib/x86_64-linux-gnu/libfontconfig.so.1.8.0
7feb47ffc000-7feb47ffe000 r--p 00039000 08:14 2274260                    /usr/lib/x86_64-linux-gnu/libfontconfig.so.1.8.0
7feb47ffe000-7feb47fff000 rw-p 0003b000 08:14 2274260                    /usr/lib/x86_64-linux-gnu/libfontconfig.so.1.8.0
7feb47fff000-7feb4c000000 rw-s 00000000 00:15 92759                      /run/shm/pulse-shm-1080233545
7feb4c000000-7feb4c021000 rw-p 00000000 00:00 0 
7feb4c021000-7feb50000000 ---p 00000000 00:00 0 
7feb50000000-7feb50021000 rw-p 00000000 00:00 0 
7feb50021000-7feb54000000 ---p 00000000 00:00 0 
7feb54000000-7feb54021000 rw-p 00000000 00:00 0 
7feb54021000-7feb58000000 ---p 00000000 00:00 0 
7feb580e3000-7feb5811c000 r--p 00000000 08:14 803676                     /usr/share/locale/cs/LC_MESSAGES/vlc.mo
7feb5811c000-7feb583f4000 r-xp 00000000 08:14 2277042                    /usr/lib/x86_64-linux-gnu/libQtCore.so.4.8.6
7feb583f4000-7feb585f4000 ---p 002d8000 08:14 2277042                    /usr/lib/x86_64-linux-gnu/libQtCore.so.4.8.6
7feb585f4000-7feb585ff000 r--p 002d8000 08:14 2277042                    /usr/lib/x86_64-linux-gnu/libQtCore.so.4.8.6
7feb585ff000-7feb58600000 rw-p 002e3000 08:14 2277042                    /usr/lib/x86_64-linux-gnu/libQtCore.so.4.8.6
7feb58600000-7feb58601000 rw-p 00000000 00:00 0 
7feb58601000-7feb59067000 r-xp 00000000 08:14 2277057                    /usr/lib/x86_64-linux-gnu/libQtGui.so.4.8.6
7feb59067000-7feb59267000 ---p 00a66000 08:14 2277057                    /usr/lib/x86_64-linux-gnu/libQtGui.so.4.8.6
7feb59267000-7feb592a9000 r--p 00a66000 08:14 2277057                    /usr/lib/x86_64-linux-gnu/libQtGui.so.4.8.6
7feb592a9000-7feb592b0000 rw-p 00aa8000 08:14 2277057                    /usr/lib/x86_64-linux-gnu/libQtGui.so.4.8.6
7feb592b0000-7feb592b4000 rw-p 00000000 00:00 0 
7feb592b4000-7feb59516000 r-xp 00000000 08:14 2338928                    /usr/lib/vlc/plugins/gui/libqt4_plugin.so
7feb59516000-7feb59715000 ---p 00262000 08:14 2338928                    /usr/lib/vlc/plugins/gui/libqt4_plugin.so
7feb59715000-7feb5972e000 r--p 00261000 08:14 2338928                    /usr/lib/vlc/plugins/gui/libqt4_plugin.so
7feb5972e000-7feb59732000 rw-p 0027a000 08:14 2338928                    /usr/lib/vlc/plugins/gui/libqt4_plugin.so
7feb59732000-7feb59757000 r-xp 00000000 08:11 526129                     /lib/x86_64-linux-gnu/libpng12.so.0.50.0
7feb59757000-7feb59956000 ---p 00025000 08:11 526129                     /lib/x86_64-linux-gnu/libpng12.so.0.50.0
7feb59956000-7feb59957000 r--p 00024000 08:11 526129                     /lib/x86_64-linux-gnu/libpng12.so.0.50.0
7feb59957000-7feb59958000 rw-p 00025000 08:11 526129                     /lib/x86_64-linux-gnu/libpng12.so.0.50.0
7feb59958000-7feb59a3e000 r-xp 00000000 08:14 2276671                    /usr/lib/x86_64-linux-gnu/libstdc++.so.6.0.19
7feb59a3e000-7feb59c3d000 ---p 000e6000 08:14 2276671                    /usr/lib/x86_64-linux-gnu/libstdc++.so.6.0.19
7feb59c3d000-7feb59c45000 r--p 000e5000 08:14 2276671                    /usr/lib/x86_64-linux-gnu/libstdc++.so.6.0.19
7feb59c45000-7feb59c47000 rw-p 000ed000 08:14 2276671                    /usr/lib/x86_64-linux-gnu/libstdc++.so.6.0.19
7feb59c47000-7feb59c5c000 rw-p 00000000 00:00 0 
7feb59c5c000-7feb59c74000 r-xp 00000000 08:11 526238                     /lib/x86_64-linux-gnu/libz.so.1.2.8
7feb59c74000-7feb59e73000 ---p 00018000 08:11 526238                     /lib/x86_64-linux-gnu/libz.so.1.2.8
7feb59e73000-7feb59e74000 r--p 00017000 08:11 526238                     /lib/x86_64-linux-gnu/libz.so.1.2.8
7feb59e74000-7feb59e75000 rw-p 00018000 08:11 526238                     /lib/x86_64-linux-gnu/libz.so.1.2.8
7feb59e75000-7feb59f12000 r-xp 00000000 08:14 2274991                    /usr/lib/x86_64-linux-gnu/libfreetype.so.6.11.1
7feb59f12000-7feb5a111000 ---p 0009d000 08:14 2274991                    /usr/lib/x86_64-linux-gnu/libfreetype.so.6.11.1
7feb5a111000-7feb5a117000 r--p 0009c000 08:14 2274991                    /usr/lib/x86_64-linux-gnu/libfreetype.so.6.11.1
7feb5a117000-7feb5a118000 rw-p 000a2000 08:14 2274991                    /usr/lib/x86_64-linux-gnu/libfreetype.so.6.11.1
7feb5a118000-7feb5a12e000 r-xp 00000000 08:14 2277498                    /usr/lib/x86_64-linux-gnu/libfribidi.so.0.3.5
7feb5a12e000-7feb5a32d000 ---p 00016000 08:14 2277498                    /usr/lib/x86_64-linux-gnu/libfribidi.so.0.3.5
7feb5a32d000-7feb5a32e000 r--p 00015000 08:14 2277498                    /usr/lib/x86_64-linux-gnu/libfribidi.so.0.3.5
7feb5a32e000-7feb5a32f000 rw-p 00016000 08:14 2277498                    /usr/lib/x86_64-linux-gnu/libfribidi.so.0.3.5
7feb5a32f000-7feb5a331000 r-xp 00000000 08:14 2277133                    /usr/lib/x86_64-linux-gnu/libXinerama.so.1.0.0
7feb5a331000-7feb5a530000 ---p 00002000 08:14 2277133                    /usr/lib/x86_64-linux-gnu/libXinerama.so.1.0.0
7feb5a530000-7feb5a531000 r--p 00001000 08:14 2277133                    /usr/lib/x86_64-linux-gnu/libXinerama.so.1.0.0
7feb5a531000-7feb5a532000 rw-p 00002000 08:14 2277133                    /usr/lib/x86_64-linux-gnu/libXinerama.so.1.0.0
7feb5a532000-7feb5a543000 r-xp 00000000 08:14 2274382                    /usr/lib/x86_64-linux-gnu/libXpm.so.4.11.0
7feb5a543000-7feb5a742000 ---p 00011000 08:14 2274382                    /usr/lib/x86_64-linux-gnu/libXpm.so.4.11.0
7feb5a742000-7feb5a743000 r--p 00010000 08:14 2274382                    /usr/lib/x86_64-linux-gnu/libXpm.so.4.11.0
7feb5a743000-7feb5a744000 rw-p 00011000 08:14 2274382                    /usr/lib/x86_64-linux-gnu/libXpm.so.4.11.0
7feb5a744000-7feb5a74c000 r-xp 00000000 08:14 2273386                    /usr/lib/libtar.so.0.0.0
7feb5a74c000-7feb5a94b000 ---p 00008000 08:14 2273386                    /usr/lib/libtar.so.0.0.0
7feb5a94b000-7feb5a94c000 r--p 00007000 08:14 2273386                    /usr/lib/libtar.so.0.0.0
7feb5a94c000-7feb5a94d000 rw-p 00008000 08:14 2273386                    /usr/lib/libtar.so.0.0.0
7feb5a94d000-7feb5aa07000 r-xp 00000000 08:14 2338930                    /usr/lib/vlc/plugins/gui/libskins2_plugin.so
7feb5aa07000-7feb5ac06000 ---p 000ba000 08:14 2338930                    /usr/lib/vlc/plugins/gui/libskins2_plugin.so
7feb5ac06000-7feb5ac0d000 r--p 000b9000 08:14 2338930                    /usr/lib/vlc/plugins/gui/libskins2_plugin.so
7feb5ac0d000-7feb5ac0e000 rw-p 000c0000 08:14 2338930                    /usr/lib/vlc/plugins/gui/libskins2_plugin.so
7feb5ac0e000-7feb5ac3f000 r-xp 00000000 08:14 2273508                    /usr/lib/x86_64-linux-gnu/libidn.so.11.6.11
7feb5ac3f000-7feb5ae3f000 ---p 00031000 08:14 2273508                    /usr/lib/x86_64-linux-gnu/libidn.so.11.6.11
7feb5ae3f000-7feb5ae40000 r--p 00031000 08:14 2273508                    /usr/lib/x86_64-linux-gnu/libidn.so.11.6.11
7feb5ae40000-7feb5ae41000 rw-p 00032000 08:14 2273508                    /usr/lib/x86_64-linux-gnu/libidn.so.11.6.11
7feb5ae41000-7feb5af1f000 r-xp 00000000 08:14 2274909                    /usr/lib/libvlccore.so.7.0.0
7feb5af1f000-7feb5b11f000 ---p 000de000 08:14 2274909                    /usr/lib/libvlccore.so.7.0.0
7feb5b11f000-7feb5b122000 r--p 000de000 08:14 2274909                    /usr/lib/libvlccore.so.7.0.0
7feb5b122000-7feb5b123000 rw-p 000e1000 08:14 2274909                    /usr/lib/libvlccore.so.7.0.0
7feb5b155000-7feb5b16f000 r-xp 00000000 08:14 2274915                    /usr/lib/libvlc.so.5.4.0
7feb5b16f000-7feb5b36e000 ---p 0001a000 08:14 2274915                    /usr/lib/libvlc.so.5.4.0
7feb5b36e000-7feb5b36f000 r--p 00019000 08:14 2274915                    /usr/lib/libvlc.so.5.4.0
7feb5b36f000-7feb5b370000 rw-p 0001a000 08:14 2274915                    /usr/lib/libvlc.so.5.4.0
7feb5b370000-7feb5b371000 r-xp 00000000 08:13 1734808                    /opt/java/jdk1.8.0_144/jre/lib/amd64/libjawt.so
7feb5b371000-7feb5b570000 ---p 00001000 08:13 1734808                    /opt/java/jdk1.8.0_144/jre/lib/amd64/libjawt.so
7feb5b570000-7feb5b571000 rw-p 00000000 08:13 1734808                    /opt/java/jdk1.8.0_144/jre/lib/amd64/libjawt.so
7feb5b571000-7feb5b588000 r-xp 00000000 08:01 154739                     /tmp/jna-350432381/jna9077424759634126321.tmp (deleted)
7feb5b588000-7feb5b687000 ---p 00017000 08:01 154739                     /tmp/jna-350432381/jna9077424759634126321.tmp (deleted)
7feb5b687000-7feb5b689000 rw-p 00016000 08:01 154739                     /tmp/jna-350432381/jna9077424759634126321.tmp (deleted)
7feb5b689000-7feb5b889000 rw-p 00000000 00:00 0 
7feb5b889000-7feb5b895000 r-xp 00000000 08:13 1735144                    /opt/java/jdk1.8.0_144/jre/lib/amd64/librxtxSerial.so
7feb5b895000-7feb5b994000 ---p 0000c000 08:13 1735144                    /opt/java/jdk1.8.0_144/jre/lib/amd64/librxtxSerial.so
7feb5b994000-7feb5b996000 rw-p 0000b000 08:13 1735144                    /opt/java/jdk1.8.0_144/jre/lib/amd64/librxtxSerial.so
7feb5b996000-7feb5b999000 ---p 00000000 00:00 0 
7feb5b999000-7feb5ba97000 rw-p 00000000 00:00 0                          [stack:10049]
7feb5ba97000-7feb5ba9a000 ---p 00000000 00:00 0 
7feb5ba9a000-7feb5bd98000 rw-p 00000000 00:00 0 
7feb5bd98000-7feb5bd9b000 ---p 00000000 00:00 0 
7feb5bd9b000-7feb5be99000 rw-p 00000000 00:00 0                          [stack:10045]
7feb5bfff000-7feb60000000 rw-s 00000000 00:15 91636                      /run/shm/pulse-shm-2490521770
7feb60000000-7feb60021000 rw-p 00000000 00:00 0 
7feb60021000-7feb64000000 ---p 00000000 00:00 0 
7feb64164000-7feb64174000 rw-s 00000000 00:04 98107438                   /SYSV00000000 (deleted)
7feb64174000-7feb64193000 r--s 00000000 08:14 606284                     /usr/share/mime/mime.cache
7feb64193000-7feb641ac000 r--p 00000000 08:14 714498                     /usr/share/locale-langpack/cs/LC_MESSAGES/glib20.mo
7feb641ac000-7feb641ad000 ---p 00000000 00:00 0 
7feb641ad000-7feb649ad000 rw-p 00000000 00:00 0                          [stack:10043]
7feb649ad000-7feb649ae000 ---p 00000000 00:00 0 
7feb649ae000-7feb651ae000 rw-p 00000000 00:00 0                          [stack:10039]
7feb651ae000-7feb651b4000 r-xp 00000000 08:14 2340021                    /usr/lib/x86_64-linux-gnu/alsa-lib/libasound_module_pcm_pulse.so
7feb651b4000-7feb653b3000 ---p 00006000 08:14 2340021                    /usr/lib/x86_64-linux-gnu/alsa-lib/libasound_module_pcm_pulse.so
7feb653b3000-7feb653b4000 r--p 00005000 08:14 2340021                    /usr/lib/x86_64-linux-gnu/alsa-lib/libasound_module_pcm_pulse.so
7feb653b4000-7feb653b5000 rw-p 00006000 08:14 2340021                    /usr/lib/x86_64-linux-gnu/alsa-lib/libasound_module_pcm_pulse.so
7feb653b5000-7feb653cc000 r-xp 00000000 08:11 524382                     /lib/x86_64-linux-gnu/libresolv-2.19.so
7feb653cc000-7feb655cc000 ---p 00017000 08:11 524382                     /lib/x86_64-linux-gnu/libresolv-2.19.so
7feb655cc000-7feb655cd000 r--p 00017000 08:11 524382                     /lib/x86_64-linux-gnu/libresolv-2.19.so
7feb655cd000-7feb655ce000 rw-p 00018000 08:11 524382                     /lib/x86_64-linux-gnu/libresolv-2.19.so
7feb655ce000-7feb655d0000 rw-p 00000000 00:00 0 
7feb655d0000-7feb655d7000 r-xp 00000000 08:14 2277950                    /usr/lib/x86_64-linux-gnu/libogg.so.0.8.1
7feb655d7000-7feb657d7000 ---p 00007000 08:14 2277950                    /usr/lib/x86_64-linux-gnu/libogg.so.0.8.1
7feb657d7000-7feb657d8000 r--p 00007000 08:14 2277950                    /usr/lib/x86_64-linux-gnu/libogg.so.0.8.1
7feb657d8000-7feb657d9000 rw-p 00008000 08:14 2277950                    /usr/lib/x86_64-linux-gnu/libogg.so.0.8.1
7feb657d9000-7feb65805000 r-xp 00000000 08:14 2278243                    /usr/lib/x86_64-linux-gnu/libvorbis.so.0.4.5
7feb65805000-7feb65a04000 ---p 0002c000 08:14 2278243                    /usr/lib/x86_64-linux-gnu/libvorbis.so.0.4.5
7feb65a04000-7feb65a05000 r--p 0002b000 08:14 2278243                    /usr/lib/x86_64-linux-gnu/libvorbis.so.0.4.5
7feb65a05000-7feb65a06000 rw-p 0002c000 08:14 2278243                    /usr/lib/x86_64-linux-gnu/libvorbis.so.0.4.5
7feb65a06000-7feb65cb9000 r-xp 00000000 08:14 2278245                    /usr/lib/x86_64-linux-gnu/libvorbisenc.so.2.0.8
7feb65cb9000-7feb65eb8000 ---p 002b3000 08:14 2278245                    /usr/lib/x86_64-linux-gnu/libvorbisenc.so.2.0.8
7feb65eb8000-7feb65ed4000 r--p 002b2000 08:14 2278245                    /usr/lib/x86_64-linux-gnu/libvorbisenc.so.2.0.8
7feb65ed4000-7feb65ed5000 rw-p 002ce000 08:14 2278245                    /usr/lib/x86_64-linux-gnu/libvorbisenc.so.2.0.8
7feb65ed5000-7feb65f05000 r-xp 00000000 08:14 2276956                    /usr/lib/x86_64-linux-gnu/libFLAC.so.8.3.0
7feb65f05000-7feb66104000 ---p 00030000 08:14 2276956                    /usr/lib/x86_64-linux-gnu/libFLAC.so.8.3.0
7feb66104000-7feb66105000 r--p 0002f000 08:14 2276956                    /usr/lib/x86_64-linux-gnu/libFLAC.so.8.3.0
7feb66105000-7feb66106000 rw-p 00030000 08:14 2276956                    /usr/lib/x86_64-linux-gnu/libFLAC.so.8.3.0
7feb66106000-7feb6610b000 r-xp 00000000 08:14 2277206                    /usr/lib/x86_64-linux-gnu/libasyncns.so.0.3.1
7feb6610b000-7feb6630a000 ---p 00005000 08:14 2277206                    /usr/lib/x86_64-linux-gnu/libasyncns.so.0.3.1
7feb6630a000-7feb6630b000 r--p 00004000 08:14 2277206                    /usr/lib/x86_64-linux-gnu/libasyncns.so.0.3.1
7feb6630b000-7feb6630c000 rw-p 00005000 08:14 2277206                    /usr/lib/x86_64-linux-gnu/libasyncns.so.0.3.1
7feb6630c000-7feb6636d000 r-xp 00000000 08:14 2274870                    /usr/lib/x86_64-linux-gnu/libsndfile.so.1.0.25
7feb6636d000-7feb6656d000 ---p 00061000 08:14 2274870                    /usr/lib/x86_64-linux-gnu/libsndfile.so.1.0.25
7feb6656d000-7feb6656f000 r--p 00061000 08:14 2274870                    /usr/lib/x86_64-linux-gnu/libsndfile.so.1.0.25
7feb6656f000-7feb66570000 rw-p 00063000 08:14 2274870                    /usr/lib/x86_64-linux-gnu/libsndfile.so.1.0.25
7feb66570000-7feb66574000 rw-p 00000000 00:00 0 
7feb66574000-7feb6657c000 r-xp 00000000 08:11 526235                     /lib/x86_64-linux-gnu/libwrap.so.0.7.6
7feb6657c000-7feb6677b000 ---p 00008000 08:11 526235                     /lib/x86_64-linux-gnu/libwrap.so.0.7.6
7feb6677b000-7feb6677c000 r--p 00007000 08:11 526235                     /lib/x86_64-linux-gnu/libwrap.so.0.7.6
7feb6677c000-7feb6677d000 rw-p 00008000 08:11 526235                     /lib/x86_64-linux-gnu/libwrap.so.0.7.6
7feb6677d000-7feb6677e000 rw-p 00000000 00:00 0 
7feb6677e000-7feb667c2000 r-xp 00000000 08:11 523458                     /lib/x86_64-linux-gnu/libdbus-1.so.3.7.6
7feb667c2000-7feb669c1000 ---p 00044000 08:11 523458                     /lib/x86_64-linux-gnu/libdbus-1.so.3.7.6
7feb669c1000-7feb669c2000 r--p 00043000 08:11 523458                     /lib/x86_64-linux-gnu/libdbus-1.so.3.7.6
7feb669c2000-7feb669c3000 rw-p 00044000 08:11 523458                     /lib/x86_64-linux-gnu/libdbus-1.so.3.7.6
7feb669c3000-7feb66a29000 r-xp 00000000 08:14 2341343                    /usr/lib/x86_64-linux-gnu/pulseaudio/libpulsecommon-4.0.so
7feb66a29000-7feb66c28000 ---p 00066000 08:14 2341343                    /usr/lib/x86_64-linux-gnu/pulseaudio/libpulsecommon-4.0.so
7feb66c28000-7feb66c29000 r--p 00065000 08:14 2341343                    /usr/lib/x86_64-linux-gnu/pulseaudio/libpulsecommon-4.0.so
7feb66c29000-7feb66c2a000 rw-p 00066000 08:14 2341343                    /usr/lib/x86_64-linux-gnu/pulseaudio/libpulsecommon-4.0.so
7feb66c2a000-7feb66c34000 r-xp 00000000 08:11 526114                     /lib/x86_64-linux-gnu/libjson-c.so.2.0.0
7feb66c34000-7feb66e33000 ---p 0000a000 08:11 526114                     /lib/x86_64-linux-gnu/libjson-c.so.2.0.0
7feb66e33000-7feb66e34000 r--p 00009000 08:11 526114                     /lib/x86_64-linux-gnu/libjson-c.so.2.0.0
7feb66e34000-7feb66e35000 rw-p 0000a000 08:11 526114                     /lib/x86_64-linux-gnu/libjson-c.so.2.0.0
7feb66e35000-7feb66e7c000 r-xp 00000000 08:14 2278050                    /usr/lib/x86_64-linux-gnu/libpulse.so.0.16.2
7feb66e7c000-7feb6707c000 ---p 00047000 08:14 2278050                    /usr/lib/x86_64-linux-gnu/libpulse.so.0.16.2
7feb6707c000-7feb6707d000 r--p 00047000 08:14 2278050                    /usr/lib/x86_64-linux-gnu/libpulse.so.0.16.2
7feb6707d000-7feb6707e000 rw-p 00048000 08:14 2278050                    /usr/lib/x86_64-linux-gnu/libpulse.so.0.16.2
7feb6707e000-7feb67081000 ---p 00000000 00:00 0 
7feb67081000-7feb6717f000 rw-p 00000000 00:00 0                          [stack:10044]
7feb6717f000-7feb67182000 ---p 00000000 00:00 0 
7feb67182000-7feb67280000 rw-p 00000000 00:00 0                          [stack:10038]
7feb67280000-7feb67369000 r-xp 00000000 08:14 2277196                    /usr/lib/x86_64-linux-gnu/libasound.so.2.0.0
7feb67369000-7feb67568000 ---p 000e9000 08:14 2277196                    /usr/lib/x86_64-linux-gnu/libasound.so.2.0.0
7feb67568000-7feb6756f000 r--p 000e8000 08:14 2277196                    /usr/lib/x86_64-linux-gnu/libasound.so.2.0.0
7feb6756f000-7feb67570000 rw-p 000ef000 08:14 2277196                    /usr/lib/x86_64-linux-gnu/libasound.so.2.0.0
7feb67570000-7feb6757f000 r-xp 00000000 08:13 1734799                    /opt/java/jdk1.8.0_144/jre/lib/amd64/libjsoundalsa.so
7feb6757f000-7feb6777e000 ---p 0000f000 08:13 1734799                    /opt/java/jdk1.8.0_144/jre/lib/amd64/libjsoundalsa.so
7feb6777e000-7feb6777f000 rw-p 0000e000 08:13 1734799                    /opt/java/jdk1.8.0_144/jre/lib/amd64/libjsoundalsa.so
7feb6777f000-7feb67780000 r-xp 00000000 08:13 1734830                    /opt/java/jdk1.8.0_144/jre/lib/amd64/libjsound.so
7feb67780000-7feb6797f000 ---p 00001000 08:13 1734830                    /opt/java/jdk1.8.0_144/jre/lib/amd64/libjsound.so
7feb6797f000-7feb67980000 rw-p 00000000 08:13 1734830                    /opt/java/jdk1.8.0_144/jre/lib/amd64/libjsound.so
7feb67980000-7feb67b80000 rw-p 00000000 00:00 0 
7feb67b80000-7feb67be9000 r-xp 00000000 08:13 1734820                    /opt/java/jdk1.8.0_144/jre/lib/amd64/libt2k.so
7feb67be9000-7feb67de9000 ---p 00069000 08:13 1734820                    /opt/java/jdk1.8.0_144/jre/lib/amd64/libt2k.so
7feb67de9000-7feb67df0000 rw-p 00069000 08:13 1734820                    /opt/java/jdk1.8.0_144/jre/lib/amd64/libt2k.so
7feb67df0000-7feb68000000 rw-p 00000000 00:00 0 
7feb68000000-7feb68021000 rw-p 00000000 00:00 0 
7feb68021000-7feb6c000000 ---p 00000000 00:00 0 
7feb6c000000-7feb6c1aa000 rw-p 00000000 00:00 0 
7feb6c1aa000-7feb70000000 ---p 00000000 00:00 0 
7feb70000000-7feb70021000 rw-p 00000000 00:00 0 
7feb70021000-7feb74000000 ---p 00000000 00:00 0 
7feb74000000-7feb74023000 rw-p 00000000 00:00 0 
7feb74023000-7feb78000000 ---p 00000000 00:00 0 
7feb78000000-7feb78021000 rw-p 00000000 00:00 0 
7feb78021000-7feb7c000000 ---p 00000000 00:00 0 
7feb7c000000-7feb7c021000 rw-p 00000000 00:00 0 
7feb7c021000-7feb80000000 ---p 00000000 00:00 0 
7feb80000000-7feb803f3000 rw-p 00000000 00:00 0 
7feb803f3000-7feb84000000 ---p 00000000 00:00 0 
7feb84000000-7feb84539000 rw-p 00000000 00:00 0 
7feb84539000-7feb88000000 ---p 00000000 00:00 0 
7feb88000000-7feb88021000 rw-p 00000000 00:00 0 
7feb88021000-7feb8c000000 ---p 00000000 00:00 0 
7feb8c000000-7feb8c44b000 rw-p 00000000 00:00 0 
7feb8c44b000-7feb90000000 ---p 00000000 00:00 0 
7feb90000000-7feb90021000 rw-p 00000000 00:00 0 
7feb90021000-7feb94000000 ---p 00000000 00:00 0 
7feb94000000-7feb94021000 rw-p 00000000 00:00 0 
7feb94021000-7feb98000000 ---p 00000000 00:00 0 
7feb98000000-7feb98021000 rw-p 00000000 00:00 0 
7feb98021000-7feb9c000000 ---p 00000000 00:00 0 
7feb9c004000-7feb9c005000 rw-p 00000000 00:00 0 
7feb9c00f000-7feb9c010000 r--s 00000000 08:15 622469                     /var/cache/fontconfig/c05880de57d1f5e948fdfacc138775d9-le64.cache-4
7feb9c010000-7feb9c01b000 r--s 00000000 08:15 621464                     /var/cache/fontconfig/945677eb7aeaf62f1d50efc3fb3ec7d8-le64.cache-4
7feb9c01b000-7feb9c01d000 r--s 00000000 08:15 622467                     /var/cache/fontconfig/99e8ed0e538f840c565b6ed5dad60d56-le64.cache-4
7feb9c01d000-7feb9c023000 r--s 00000000 08:15 622466                     /var/cache/fontconfig/2cd17615ca594fa2959ae173292e504c-le64.cache-4
7feb9c023000-7feb9c024000 r--s 00000000 08:15 622465                     /var/cache/fontconfig/e7071f4a29fa870f4323321c154eba04-le64.cache-4
7feb9c024000-7feb9c025000 r--s 00000000 08:15 622464                     /var/cache/fontconfig/0d8c3b2ac0904cb8a57a757ad11a4a08-le64.cache-4
7feb9c025000-7feb9c02c000 r--s 00000000 08:15 622463                     /var/cache/fontconfig/a755afe4a08bf5b97852ceb7400b47bc-le64.cache-4
7feb9c02c000-7feb9c038000 r--s 00000000 08:15 622462                     /var/cache/fontconfig/6d41288fd70b0be22e8c3a91e032eec0-le64.cache-4
7feb9c038000-7feb9c04c000 r--s 00000000 08:15 622461                     /var/cache/fontconfig/04aabc0a78ac019cf9454389977116d2-le64.cache-4
7feb9c04c000-7feb9c04d000 r--s 00000000 08:15 622460                     /var/cache/fontconfig/1ac9eb803944fde146138c791f5cc56a-le64.cache-4
7feb9c04d000-7feb9c051000 r--s 00000000 08:15 622459                     /var/cache/fontconfig/385c0604a188198f04d133e54aba7fe7-le64.cache-4
7feb9c051000-7feb9c052000 r--s 00000000 08:15 622458                     /var/cache/fontconfig/dc05db6664285cc2f12bf69c139ae4c3-le64.cache-4
7feb9c052000-7feb9c054000 r--s 00000000 08:15 622457                     /var/cache/fontconfig/767a8244fc0220cfb567a839d0392e0b-le64.cache-4
7feb9c054000-7feb9c055000 r--s 00000000 08:15 622456                     /var/cache/fontconfig/4794a0821666d79190d59a36cb4f44b5-le64.cache-4
7feb9c055000-7feb9c067000 r--s 00000000 08:15 622455                     /var/cache/fontconfig/0bd3dc0958fa2205aaaa8ebb13e2872b-le64.cache-4
7feb9c067000-7feb9c06c000 r--s 00000000 08:15 622454                     /var/cache/fontconfig/8801497958630a81b71ace7c5f9b32a8-le64.cache-4
7feb9c06c000-7feb9c073000 r--s 00000000 08:15 622453                     /var/cache/fontconfig/3047814df9a2f067bd2d96a2b9c36e5a-le64.cache-4
7feb9c073000-7feb9c079000 r--s 00000000 08:15 622450                     /var/cache/fontconfig/b47c4e1ecd0709278f4910c18777a504-le64.cache-4
7feb9c079000-7feb9c08c000 r--s 00000000 08:15 622449                     /var/cache/fontconfig/d52a8644073d54c13679302ca1180695-le64.cache-4
7feb9c08c000-7feb9c095000 r--s 00000000 08:15 622448                     /var/cache/fontconfig/3f7329c5293ffd510edef78f73874cfd-le64.cache-4
7feb9c0a8000-7feb9c0a9000 rw-p 00000000 00:00 0 
7feb9c0a9000-7feb9c0ac000 r--s 00000000 08:05 53505391                   /home/vojta3310/.local/share/mime/mime.cache
7feb9c0ac000-7feb9c0ad000 rwxp 00000000 00:00 0 
7feb9c0ad000-7feb9c0b0000 ---p 00000000 00:00 0 
7feb9c0b0000-7feb9c3ae000 rw-p 00000000 00:00 0                          [stack:10026]
7feb9c3ae000-7feb9c3b1000 ---p 00000000 00:00 0 
7feb9c3b1000-7feb9c4af000 rw-p 00000000 00:00 0                          [stack:10025]
7feb9c4af000-7feb9c4b2000 ---p 00000000 00:00 0 
7feb9c4b2000-7feb9c5b0000 rw-p 00000000 00:00 0                          [stack:10024]
7feb9c5b0000-7feb9c5b3000 ---p 00000000 00:00 0 
7feb9c5b3000-7feb9c6b1000 rw-p 00000000 00:00 0                          [stack:10023]
7feb9c6b1000-7feb9c6b6000 r-xp 00000000 08:14 2277125                    /usr/lib/x86_64-linux-gnu/libXfixes.so.3.1.0
7feb9c6b6000-7feb9c8b5000 ---p 00005000 08:14 2277125                    /usr/lib/x86_64-linux-gnu/libXfixes.so.3.1.0
7feb9c8b5000-7feb9c8b6000 r--p 00004000 08:14 2277125                    /usr/lib/x86_64-linux-gnu/libXfixes.so.3.1.0
7feb9c8b6000-7feb9c8b7000 rw-p 00005000 08:14 2277125                    /usr/lib/x86_64-linux-gnu/libXfixes.so.3.1.0
7feb9c8b7000-7feb9c8c0000 r-xp 00000000 08:14 2277117                    /usr/lib/x86_64-linux-gnu/libXcursor.so.1.0.2
7feb9c8c0000-7feb9cabf000 ---p 00009000 08:14 2277117                    /usr/lib/x86_64-linux-gnu/libXcursor.so.1.0.2
7feb9cabf000-7feb9cac0000 r--p 00008000 08:14 2277117                    /usr/lib/x86_64-linux-gnu/libXcursor.so.1.0.2
7feb9cac0000-7feb9cac1000 rw-p 00009000 08:14 2277117                    /usr/lib/x86_64-linux-gnu/libXcursor.so.1.0.2
7feb9cac1000-7feb9cac4000 ---p 00000000 00:00 0 
7feb9cac4000-7feb9cbc2000 rw-p 00000000 00:00 0                          [stack:10022]
7feb9cbc2000-7feb9cbd8000 r-xp 00000000 08:11 523279                     /lib/x86_64-linux-gnu/libgcc_s.so.1
7feb9cbd8000-7feb9cdd7000 ---p 00016000 08:11 523279                     /lib/x86_64-linux-gnu/libgcc_s.so.1
7feb9cdd7000-7feb9cdd8000 rw-p 00015000 08:11 523279                     /lib/x86_64-linux-gnu/libgcc_s.so.1
7feb9cdd8000-7feb9cdd9000 r--s 00000000 08:15 622452                     /var/cache/fontconfig/56cf4f4769d0f4abc89a4895d7bd3ae1-le64.cache-4
7feb9cdd9000-7feb9cdda000 r--s 00000000 08:15 622451                     /var/cache/fontconfig/b9d506c9ac06c20b433354fa67a72993-le64.cache-4
7feb9cdda000-7feb9cde5000 r--s 00000000 08:15 622447                     /var/cache/fontconfig/d589a48862398ed80a3d6066f4f56f4c-le64.cache-4
7feb9cde5000-7feb9cde8000 r--s 00000000 08:15 621459                     /var/cache/fontconfig/e13b20fdb08344e0e664864cc2ede53d-le64.cache-4
7feb9cde8000-7feb9cdec000 r--s 00000000 08:15 621438                     /var/cache/fontconfig/7ef2298fde41cc6eeb7af42e48b7d293-le64.cache-4
7feb9cdec000-7feb9cdf7000 r--p 00000000 08:14 714138                     /usr/share/locale-langpack/cs/LC_MESSAGES/pulseaudio.mo
7feb9cdf7000-7feb9ce0a000 r--s 00345000 08:13 1734839                    /opt/java/jdk1.8.0_144/jre/lib/resources.jar
7feb9ce0a000-7feb9ce6f000 r-xp 00000000 08:13 1734788                    /opt/java/jdk1.8.0_144/jre/lib/amd64/libfontmanager.so
7feb9ce6f000-7feb9d06e000 ---p 00065000 08:13 1734788                    /opt/java/jdk1.8.0_144/jre/lib/amd64/libfontmanager.so
7feb9d06e000-7feb9d073000 rw-p 00064000 08:13 1734788                    /opt/java/jdk1.8.0_144/jre/lib/amd64/libfontmanager.so
7feb9d073000-7feb9d083000 rw-p 00000000 00:00 0 
7feb9d083000-7feb9d088000 r-xp 00000000 08:14 2277121                    /usr/lib/x86_64-linux-gnu/libXdmcp.so.6.0.0
7feb9d088000-7feb9d287000 ---p 00005000 08:14 2277121                    /usr/lib/x86_64-linux-gnu/libXdmcp.so.6.0.0
7feb9d287000-7feb9d288000 r--p 00004000 08:14 2277121                    /usr/lib/x86_64-linux-gnu/libXdmcp.so.6.0.0
7feb9d288000-7feb9d289000 rw-p 00005000 08:14 2277121                    /usr/lib/x86_64-linux-gnu/libXdmcp.so.6.0.0
7feb9d289000-7feb9d28b000 r-xp 00000000 08:14 2277110                    /usr/lib/x86_64-linux-gnu/libXau.so.6.0.0
7feb9d28b000-7feb9d48b000 ---p 00002000 08:14 2277110                    /usr/lib/x86_64-linux-gnu/libXau.so.6.0.0
7feb9d48b000-7feb9d48c000 r--p 00002000 08:14 2277110                    /usr/lib/x86_64-linux-gnu/libXau.so.6.0.0
7feb9d48c000-7feb9d48d000 rw-p 00003000 08:14 2277110                    /usr/lib/x86_64-linux-gnu/libXau.so.6.0.0
7feb9d48d000-7feb9d4aa000 r-xp 00000000 08:14 2278323                    /usr/lib/x86_64-linux-gnu/libxcb.so.1.1.0
7feb9d4aa000-7feb9d6aa000 ---p 0001d000 08:14 2278323                    /usr/lib/x86_64-linux-gnu/libxcb.so.1.1.0
7feb9d6aa000-7feb9d6ab000 r--p 0001d000 08:14 2278323                    /usr/lib/x86_64-linux-gnu/libxcb.so.1.1.0
7feb9d6ab000-7feb9d6ac000 rw-p 0001e000 08:14 2278323                    /usr/lib/x86_64-linux-gnu/libxcb.so.1.1.0
7feb9d6ac000-7feb9d6bb000 r-xp 00000000 08:14 2277131                    /usr/lib/x86_64-linux-gnu/libXi.so.6.1.0
7feb9d6bb000-7feb9d8ba000 ---p 0000f000 08:14 2277131                    /usr/lib/x86_64-linux-gnu/libXi.so.6.1.0
7feb9d8ba000-7feb9d8bb000 r--p 0000e000 08:14 2277131                    /usr/lib/x86_64-linux-gnu/libXi.so.6.1.0
7feb9d8bb000-7feb9d8bc000 rw-p 0000f000 08:14 2277131                    /usr/lib/x86_64-linux-gnu/libXi.so.6.1.0
7feb9d8bc000-7feb9d8c1000 r-xp 00000000 08:14 2277151                    /usr/lib/x86_64-linux-gnu/libXtst.so.6.1.0
7feb9d8c1000-7feb9dac0000 ---p 00005000 08:14 2277151                    /usr/lib/x86_64-linux-gnu/libXtst.so.6.1.0
7feb9dac0000-7feb9dac1000 r--p 00004000 08:14 2277151                    /usr/lib/x86_64-linux-gnu/libXtst.so.6.1.0
7feb9dac1000-7feb9dac2000 rw-p 00005000 08:14 2277151                    /usr/lib/x86_64-linux-gnu/libXtst.so.6.1.0
7feb9dac2000-7feb9dacb000 r-xp 00000000 08:14 2277145                    /usr/lib/x86_64-linux-gnu/libXrender.so.1.3.0
7feb9dacb000-7feb9dcca000 ---p 00009000 08:14 2277145                    /usr/lib/x86_64-linux-gnu/libXrender.so.1.3.0
7feb9dcca000-7feb9dccb000 r--p 00008000 08:14 2277145                    /usr/lib/x86_64-linux-gnu/libXrender.so.1.3.0
7feb9dccb000-7feb9dccc000 rw-p 00009000 08:14 2277145                    /usr/lib/x86_64-linux-gnu/libXrender.so.1.3.0
7feb9dccc000-7feb9ddfc000 r-xp 00000000 08:14 2277106                    /usr/lib/x86_64-linux-gnu/libX11.so.6.3.0
7feb9ddfc000-7feb9dffc000 ---p 00130000 08:14 2277106                    /usr/lib/x86_64-linux-gnu/libX11.so.6.3.0
7feb9dffc000-7feb9dffd000 r--p 00130000 08:14 2277106                    /usr/lib/x86_64-linux-gnu/libX11.so.6.3.0
7feb9dffd000-7feb9e001000 rw-p 00131000 08:14 2277106                    /usr/lib/x86_64-linux-gnu/libX11.so.6.3.0
7feb9e001000-7feb9e012000 r-xp 00000000 08:14 2277123                    /usr/lib/x86_64-linux-gnu/libXext.so.6.4.0
7feb9e012000-7feb9e211000 ---p 00011000 08:14 2277123                    /usr/lib/x86_64-linux-gnu/libXext.so.6.4.0
7feb9e211000-7feb9e212000 r--p 00010000 08:14 2277123                    /usr/lib/x86_64-linux-gnu/libXext.so.6.4.0
7feb9e212000-7feb9e213000 rw-p 00011000 08:14 2277123                    /usr/lib/x86_64-linux-gnu/libXext.so.6.4.0
7feb9e213000-7feb9e214000 r--s 00000000 08:15 622446                     /var/cache/fontconfig/0c9eb80ebd1c36541ebe2852d3bb0c49-le64.cache-4
7feb9e214000-7feb9e219000 r--s 0009a000 08:13 1734766                    /opt/java/jdk1.8.0_144/jre/lib/jsse.jar
7feb9e219000-7feb9e220000 r--s 00000000 08:14 2338835                    /usr/lib/x86_64-linux-gnu/gconv/gconv-modules.cache
7feb9e220000-7feb9e245000 r--p 00000000 08:14 714291                     /usr/share/locale-langpack/cs/LC_MESSAGES/libc.mo
7feb9e245000-7feb9e299000 r-xp 00000000 08:13 1734785                    /opt/java/jdk1.8.0_144/jre/lib/amd64/libawt_xawt.so
7feb9e299000-7feb9e499000 ---p 00054000 08:13 1734785                    /opt/java/jdk1.8.0_144/jre/lib/amd64/libawt_xawt.so
7feb9e499000-7feb9e49d000 rw-p 00054000 08:13 1734785                    /opt/java/jdk1.8.0_144/jre/lib/amd64/libawt_xawt.so
7feb9e49d000-7feb9e49e000 rw-p 00000000 00:00 0 
7feb9e49e000-7feb9e540000 r-xp 00000000 08:13 1734833                    /opt/java/jdk1.8.0_144/jre/lib/amd64/libawt.so
7feb9e540000-7feb9e740000 ---p 000a2000 08:13 1734833                    /opt/java/jdk1.8.0_144/jre/lib/amd64/libawt.so
7feb9e740000-7feb9e74c000 rw-p 000a2000 08:13 1734833                    /opt/java/jdk1.8.0_144/jre/lib/amd64/libawt.so
7feb9e74c000-7feb9e770000 rw-p 00000000 00:00 0 
7feb9e770000-7feb9e775000 r--s 002f9000 08:13 1734950                    /opt/java/jdk1.8.0_144/jre/lib/charsets.jar
7feb9e775000-7feb9e7a6000 rw-p 00000000 00:00 0 
7feb9e7a6000-7feb9e7bc000 r-xp 00000000 08:13 1734818                    /opt/java/jdk1.8.0_144/jre/lib/amd64/libnet.so
7feb9e7bc000-7feb9e9bc000 ---p 00016000 08:13 1734818                    /opt/java/jdk1.8.0_144/jre/lib/amd64/libnet.so
7feb9e9bc000-7feb9e9bd000 rw-p 00016000 08:13 1734818                    /opt/java/jdk1.8.0_144/jre/lib/amd64/libnet.so
7feb9e9bd000-7feb9e9ce000 r-xp 00000000 08:13 1734776                    /opt/java/jdk1.8.0_144/jre/lib/amd64/libnio.so
7feb9e9ce000-7feb9ebcd000 ---p 00011000 08:13 1734776                    /opt/java/jdk1.8.0_144/jre/lib/amd64/libnio.so
7feb9ebcd000-7feb9ebce000 rw-p 00010000 08:13 1734776                    /opt/java/jdk1.8.0_144/jre/lib/amd64/libnio.so
7feb9ebce000-7feb9ebda000 r--s 00057000 08:05 54985097                   /home/vojta3310/NetBeansProjects/V-Control/lib/vlcj-3.10.1/vlcj-3.10.1.jar
7feb9ebda000-7feb9ebe4000 r--s 00059000 08:05 54985027                   /home/vojta3310/NetBeansProjects/V-Control/lib/vlcj-3.10.1/vlcj-3.10.1-tests.jar
7feb9ebe4000-7feb9ebe9000 r--s 00031000 08:05 54985030                   /home/vojta3310/NetBeansProjects/V-Control/lib/vlcj-3.10.1/vlcj-3.10.1-test-sources.jar
7feb9ebe9000-7feb9ebf4000 r--s 00062000 08:05 54985025                   /home/vojta3310/NetBeansProjects/V-Control/lib/vlcj-3.10.1/vlcj-3.10.1-sources.jar
7feb9ebf4000-7feb9ec09000 r--s 001c3000 08:05 54985032                   /home/vojta3310/NetBeansProjects/V-Control/lib/vlcj-3.10.1/vlcj-3.10.1-javadoc.jar
7feb9ec09000-7feb9ec0a000 ---p 00000000 00:00 0 
7feb9ec0a000-7feb9ed0a000 rw-p 00000000 00:00 0                          [stack:10021]
7feb9ed0a000-7feb9ed0d000 ---p 00000000 00:00 0 
7feb9ed0d000-7feb9ee0b000 rw-p 00000000 00:00 0                          [stack:10020]
7feb9ee0b000-7feb9ee0e000 ---p 00000000 00:00 0 
7feb9ee0e000-7feb9ef0c000 rw-p 00000000 00:00 0                          [stack:10019]
7feb9ef0c000-7feb9ef0f000 ---p 00000000 00:00 0 
7feb9ef0f000-7feb9f00d000 rw-p 00000000 00:00 0                          [stack:10018]
7feb9f00d000-7feb9f010000 ---p 00000000 00:00 0 
7feb9f010000-7feb9f10e000 rw-p 00000000 00:00 0                          [stack:10017]
7feb9f10e000-7feb9f111000 ---p 00000000 00:00 0 
7feb9f111000-7feb9f20f000 rw-p 00000000 00:00 0                          [stack:10016]
7feb9f20f000-7feb9f4f5000 r--p 00000000 08:14 2276026                    /usr/lib/locale/locale-archive
7feb9f4f5000-7feb9f4f8000 ---p 00000000 00:00 0 
7feb9f4f8000-7feb9f5f6000 rw-p 00000000 00:00 0                          [stack:10015]
7feb9f5f6000-7feb9f5f9000 ---p 00000000 00:00 0 
7feb9f5f9000-7feb9f6f7000 rw-p 00000000 00:00 0                          [stack:10014]
7feb9f6f7000-7feb9f6f8000 ---p 00000000 00:00 0 
7feb9f6f8000-7feba0000000 rw-p 00000000 00:00 0                          [stack:10013]
7feba0000000-7feba0021000 rw-p 00000000 00:00 0 
7feba0021000-7feba4000000 ---p 00000000 00:00 0 
7feba4000000-7feba4004000 r--s 00000000 08:05 53483977                   /home/vojta3310/.cache/fontconfig/afb2201df19f91bac8e32a39830aa60e-le64.cache-4
7feba4004000-7feba4015000 r--s 00155000 08:05 54985194                   /home/vojta3310/NetBeansProjects/V-Control/lib/vlcj-3.10.1/jna-platform-4.1.0.jar
7feba4015000-7feba4019000 r--s 000dc000 08:05 54985177                   /home/vojta3310/NetBeansProjects/V-Control/lib/vlcj-3.10.1/jna-4.1.0.jar
7feba4019000-7feba401f000 r--s 00051000 08:05 54184004                   /home/vojta3310/NetBeansProjects/V-Control/lib/jsoup-1.10.3.jar
7feba401f000-7feba4022000 r--s 00017000 08:05 54184003                   /home/vojta3310/NetBeansProjects/V-Control/lib/tritonus_share.jar
7feba4022000-7feba4025000 r--s 0001f000 08:05 54184006                   /home/vojta3310/NetBeansProjects/V-Control/lib/minim.jar
7feba4025000-7feba4028000 r--s 00017000 08:05 54184001                   /home/vojta3310/NetBeansProjects/V-Control/lib/jl1.0.1.jar
7feba4028000-7feba402c000 r--s 0002b000 08:05 54184000                   /home/vojta3310/NetBeansProjects/V-Control/lib/jid3lib-0.5.4.jar
7feba402c000-7feba8000000 rw-p 00000000 00:00 0 
7feba8000000-7feba8021000 rw-p 00000000 00:00 0 
7feba8021000-7febac000000 ---p 00000000 00:00 0 
7febac000000-7febac021000 rw-p 00000000 00:00 0 
7febac021000-7febb0000000 ---p 00000000 00:00 0 
7febb0000000-7febb0021000 rw-p 00000000 00:00 0 
7febb0021000-7febb4000000 ---p 00000000 00:00 0 
7febb4000000-7febb4001000 r--s 00003000 08:05 55019384                   /home/vojta3310/NetBeansProjects/V-Control/lib/slf4j-1.7.25/slf4j-simple-1.7.25.jar
7febb4001000-7febb4002000 r--s 00007000 08:05 54985195                   /home/vojta3310/NetBeansProjects/V-Control/lib/vlcj-3.10.1/slf4j-api-1.7.10.jar
7febb4002000-7febb5000000 rw-p 00000000 00:00 0 
7febb5000000-7febb5950000 rwxp 00000000 00:00 0 
7febb5950000-7febc4000000 ---p 00000000 00:00 0 
7febc4000000-7febc4810000 rw-p 00000000 00:00 0 
7febc4810000-7febc8000000 ---p 00000000 00:00 0 
7febc8000000-7febc8002000 r--s 00005000 08:05 54184002                   /home/vojta3310/NetBeansProjects/V-Control/lib/mp3spi1.9.5.jar
7febc8002000-7febc8004000 r--s 0000d000 08:05 55017990                   /home/vojta3310/NetBeansProjects/V-Control/lib/rxtx-2.1-7-bins-r2/RXTXcomm.jar
7febc8004000-7febc8006000 r--s 0000d000 08:13 1735145                    /opt/java/jdk1.8.0_144/jre/lib/ext/RXTXcomm.jar
7febc8006000-7febc8156000 rw-p 00000000 00:00 0 
7febc8156000-7febc8330000 r--s 03d4d000 08:13 1734856                    /opt/java/jdk1.8.0_144/jre/lib/rt.jar
7febc8330000-7febc83a6000 rw-p 00000000 00:00 0 
7febc83a6000-7febc83a7000 ---p 00000000 00:00 0 
7febc83a7000-7febc84a7000 rw-p 00000000 00:00 0                          [stack:10012]
7febc84a7000-7febc84a8000 ---p 00000000 00:00 0 
7febc84a8000-7febc85a8000 rw-p 00000000 00:00 0                          [stack:10011]
7febc85a8000-7febc85a9000 ---p 00000000 00:00 0 
7febc85a9000-7febc86a9000 rw-p 00000000 00:00 0                          [stack:10010]
7febc86a9000-7febc86aa000 ---p 00000000 00:00 0 
7febc86aa000-7febc87cf000 rw-p 00000000 00:00 0                          [stack:10009]
7febc87cf000-7febc8a3b000 ---p 00000000 00:00 0 
7febc8a3b000-7febc8a60000 rw-p 00000000 00:00 0 
7febc8a60000-7febc8ccb000 ---p 00000000 00:00 0 
7febc8ccb000-7febc8cf0000 rw-p 00000000 00:00 0 
7febc8cf0000-7febc8e14000 ---p 00000000 00:00 0 
7febc8e14000-7febc8e3b000 rw-p 00000000 00:00 0 
7febc8e3b000-7febc91d5000 ---p 00000000 00:00 0 
7febc91d5000-7febc91ef000 r-xp 00000000 08:13 1734797                    /opt/java/jdk1.8.0_144/jre/lib/amd64/libzip.so
7febc91ef000-7febc93ef000 ---p 0001a000 08:13 1734797                    /opt/java/jdk1.8.0_144/jre/lib/amd64/libzip.so
7febc93ef000-7febc93f0000 rw-p 0001a000 08:13 1734797                    /opt/java/jdk1.8.0_144/jre/lib/amd64/libzip.so
7febc93f0000-7febc93fa000 r-xp 00000000 08:11 526213                     /lib/x86_64-linux-gnu/libnss_files-2.19.so
7febc93fa000-7febc95f9000 ---p 0000a000 08:11 526213                     /lib/x86_64-linux-gnu/libnss_files-2.19.so
7febc95f9000-7febc95fa000 r--p 00009000 08:11 526213                     /lib/x86_64-linux-gnu/libnss_files-2.19.so
7febc95fa000-7febc95fb000 rw-p 0000a000 08:11 526213                     /lib/x86_64-linux-gnu/libnss_files-2.19.so
7febc95fb000-7febc9606000 r-xp 00000000 08:11 524384                     /lib/x86_64-linux-gnu/libnss_nis-2.19.so
7febc9606000-7febc9805000 ---p 0000b000 08:11 524384                     /lib/x86_64-linux-gnu/libnss_nis-2.19.so
7febc9805000-7febc9806000 r--p 0000a000 08:11 524384                     /lib/x86_64-linux-gnu/libnss_nis-2.19.so
7febc9806000-7febc9807000 rw-p 0000b000 08:11 524384                     /lib/x86_64-linux-gnu/libnss_nis-2.19.so
7febc9807000-7febc981e000 r-xp 00000000 08:11 526043                     /lib/x86_64-linux-gnu/libnsl-2.19.so
7febc981e000-7febc9a1d000 ---p 00017000 08:11 526043                     /lib/x86_64-linux-gnu/libnsl-2.19.so
7febc9a1d000-7febc9a1e000 r--p 00016000 08:11 526043                     /lib/x86_64-linux-gnu/libnsl-2.19.so
7febc9a1e000-7febc9a1f000 rw-p 00017000 08:11 526043                     /lib/x86_64-linux-gnu/libnsl-2.19.so
7febc9a1f000-7febc9a21000 rw-p 00000000 00:00 0 
7febc9a21000-7febc9a2a000 r-xp 00000000 08:11 526028                     /lib/x86_64-linux-gnu/libnss_compat-2.19.so
7febc9a2a000-7febc9c29000 ---p 00009000 08:11 526028                     /lib/x86_64-linux-gnu/libnss_compat-2.19.so
7febc9c29000-7febc9c2a000 r--p 00008000 08:11 526028                     /lib/x86_64-linux-gnu/libnss_compat-2.19.so
7febc9c2a000-7febc9c2b000 rw-p 00009000 08:11 526028                     /lib/x86_64-linux-gnu/libnss_compat-2.19.so
7febc9c2b000-7febc9c56000 r-xp 00000000 08:13 1734826                    /opt/java/jdk1.8.0_144/jre/lib/amd64/libjava.so
7febc9c56000-7febc9e55000 ---p 0002b000 08:13 1734826                    /opt/java/jdk1.8.0_144/jre/lib/amd64/libjava.so
7febc9e55000-7febc9e57000 rw-p 0002a000 08:13 1734826                    /opt/java/jdk1.8.0_144/jre/lib/amd64/libjava.so
7febc9e57000-7febc9e64000 r-xp 00000000 08:13 1734810                    /opt/java/jdk1.8.0_144/jre/lib/amd64/libverify.so
7febc9e64000-7febca064000 ---p 0000d000 08:13 1734810                    /opt/java/jdk1.8.0_144/jre/lib/amd64/libverify.so
7febca064000-7febca066000 rw-p 0000d000 08:13 1734810                    /opt/java/jdk1.8.0_144/jre/lib/amd64/libverify.so
7febca066000-7febca06d000 r-xp 00000000 08:11 523446                     /lib/x86_64-linux-gnu/librt-2.19.so
7febca06d000-7febca26c000 ---p 00007000 08:11 523446                     /lib/x86_64-linux-gnu/librt-2.19.so
7febca26c000-7febca26d000 r--p 00006000 08:11 523446                     /lib/x86_64-linux-gnu/librt-2.19.so
7febca26d000-7febca26e000 rw-p 00007000 08:11 523446                     /lib/x86_64-linux-gnu/librt-2.19.so
7febca26e000-7febca373000 r-xp 00000000 08:11 526057                     /lib/x86_64-linux-gnu/libm-2.19.so
7febca373000-7febca572000 ---p 00105000 08:11 526057                     /lib/x86_64-linux-gnu/libm-2.19.so
7febca572000-7febca573000 r--p 00104000 08:11 526057                     /lib/x86_64-linux-gnu/libm-2.19.so
7febca573000-7febca574000 rw-p 00105000 08:11 526057                     /lib/x86_64-linux-gnu/libm-2.19.so
7febca574000-7febcb247000 r-xp 00000000 08:13 1734804                    /opt/java/jdk1.8.0_144/jre/lib/amd64/server/libjvm.so
7febcb247000-7febcb446000 ---p 00cd3000 08:13 1734804                    /opt/java/jdk1.8.0_144/jre/lib/amd64/server/libjvm.so
7febcb446000-7febcb520000 rw-p 00cd2000 08:13 1734804                    /opt/java/jdk1.8.0_144/jre/lib/amd64/server/libjvm.so
7febcb520000-7febcb56b000 rw-p 00000000 00:00 0 
7febcb56b000-7febcb729000 r-xp 00000000 08:11 526000                     /lib/x86_64-linux-gnu/libc-2.19.so
7febcb729000-7febcb928000 ---p 001be000 08:11 526000                     /lib/x86_64-linux-gnu/libc-2.19.so
7febcb928000-7febcb92c000 r--p 001bd000 08:11 526000                     /lib/x86_64-linux-gnu/libc-2.19.so
7febcb92c000-7febcb92e000 rw-p 001c1000 08:11 526000                     /lib/x86_64-linux-gnu/libc-2.19.so
7febcb92e000-7febcb933000 rw-p 00000000 00:00 0 
7febcb933000-7febcb936000 r-xp 00000000 08:11 526214                     /lib/x86_64-linux-gnu/libdl-2.19.so
7febcb936000-7febcbb35000 ---p 00003000 08:11 526214                     /lib/x86_64-linux-gnu/libdl-2.19.so
7febcbb35000-7febcbb36000 r--p 00002000 08:11 526214                     /lib/x86_64-linux-gnu/libdl-2.19.so
7febcbb36000-7febcbb37000 rw-p 00003000 08:11 526214                     /lib/x86_64-linux-gnu/libdl-2.19.so
7febcbb37000-7febcbb4c000 r-xp 00000000 08:13 1733327                    /opt/java/jdk1.8.0_144/lib/amd64/jli/libjli.so
7febcbb4c000-7febcbd4c000 ---p 00015000 08:13 1733327                    /opt/java/jdk1.8.0_144/lib/amd64/jli/libjli.so
7febcbd4c000-7febcbd4d000 rw-p 00015000 08:13 1733327                    /opt/java/jdk1.8.0_144/lib/amd64/jli/libjli.so
7febcbd4d000-7febcbd66000 r-xp 00000000 08:11 526215                     /lib/x86_64-linux-gnu/libpthread-2.19.so
7febcbd66000-7febcbf65000 ---p 00019000 08:11 526215                     /lib/x86_64-linux-gnu/libpthread-2.19.so
7febcbf65000-7febcbf66000 r--p 00018000 08:11 526215                     /lib/x86_64-linux-gnu/libpthread-2.19.so
7febcbf66000-7febcbf67000 rw-p 00019000 08:11 526215                     /lib/x86_64-linux-gnu/libpthread-2.19.so
7febcbf67000-7febcbf6b000 rw-p 00000000 00:00 0 
7febcbf6b000-7febcbf8e000 r-xp 00000000 08:11 526212                     /lib/x86_64-linux-gnu/ld-2.19.so
7febcbf8e000-7febcbf8f000 r--s 00002000 08:05 54184007                   /home/vojta3310/NetBeansProjects/V-Control/lib/tritonus_aos.jar
7febcbf8f000-7febcc054000 rw-p 00000000 00:00 0 
7febcc054000-7febcc057000 ---p 00000000 00:00 0 
7febcc057000-7febcc159000 rw-p 00000000 00:00 0                          [stack:10008]
7febcc159000-7febcc15a000 r--s 0000f000 08:05 54184005                   /home/vojta3310/NetBeansProjects/V-Control/lib/jsminim.jar
7febcc15a000-7febcc181000 rw-p 00000000 00:00 0 
7febcc181000-7febcc189000 rw-s 00000000 08:01 496788                     /tmp/hsperfdata_vojta3310/10004
7febcc189000-7febcc18a000 rw-p 00000000 00:00 0 
7febcc18a000-7febcc18b000 r--p 00000000 00:00 0 
7febcc18b000-7febcc18d000 rw-p 00000000 00:00 0 
7febcc18d000-7febcc18e000 r--p 00022000 08:11 526212                     /lib/x86_64-linux-gnu/ld-2.19.so
7febcc18e000-7febcc18f000 rw-p 00023000 08:11 526212                     /lib/x86_64-linux-gnu/ld-2.19.so
7febcc18f000-7febcc190000 rw-p 00000000 00:00 0 
7ffe829aa000-7ffe829cb000 rw-p 00000000 00:00 0                          [stack]
7ffe829eb000-7ffe829ed000 r-xp 00000000 00:00 0                          [vdso]
7ffe829ed000-7ffe829ef000 r--p 00000000 00:00 0                          [vvar]
ffffffffff600000-ffffffffff601000 r-xp 00000000 00:00 0                  [vsyscall]

VM Arguments:
jvm_args: -Dfile.encoding=UTF-8 
java_command: VControl.VControl
java_class_path (initial): /home/vojta3310/NetBeansProjects/V-Control/lib/rxtx-2.1-7-bins-r2/RXTXcomm.jar:/home/vojta3310/NetBeansProjects/V-Control/lib/rxtx-2.1-7-bins-r2:/home/vojta3310/NetBeansProjects/V-Control/lib/jid3lib-0.5.4.jar:/home/vojta3310/NetBeansProjects/V-Control/lib/jl1.0.1.jar:/home/vojta3310/NetBeansProjects/V-Control/lib/jsminim.jar:/home/vojta3310/NetBeansProjects/V-Control/lib/minim.jar:/home/vojta3310/NetBeansProjects/V-Control/lib/mp3spi1.9.5.jar:/home/vojta3310/NetBeansProjects/V-Control/lib/tritonus_aos.jar:/home/vojta3310/NetBeansProjects/V-Control/lib/tritonus_share.jar:/home/vojta3310/NetBeansProjects/V-Control/lib/jsoup-1.10.3.jar:/home/vojta3310/NetBeansProjects/V-Control/lib/vlcj-3.10.1:/home/vojta3310/NetBeansProjects/V-Control/lib/vlcj-3.10.1/jna-4.1.0.jar:/home/vojta3310/NetBeansProjects/V-Control/lib/vlcj-3.10.1/jna-platform-4.1.0.jar:/home/vojta3310/NetBeansProjects/V-Control/lib/vlcj-3.10.1/slf4j-api-1.7.10.jar:/home/vojta3310/NetBeansProjects/V-Control/lib/vlcj-3.10.1/vlcj-3.10.1-javadoc.jar:/home/vojta3310/NetBeansProjects/V-Control/lib/vlcj-3.10.1/vlcj-3.10.1-sources.jar:/home/vojta3310/NetBeansProjects/V-Control/lib/vlcj-3.10.1/vlcj-3.10.1-test-sources.jar:/home/vojta3310/NetBeansProjects/V-Control/lib/vlcj-3.10.1/vlcj-3.10.1-tests.jar:/home/vojta3310/NetBeansProjects/V-Control/lib/vlcj-3.10.1/vlcj-3.10.1.jar:/home/vojta3310/NetBeansProjects/V-Control/lib/slf4j-1.7.25:/home/vojta3310/NetBeansProjects/V-Control/lib/slf4j-1.7.25/slf4j-simple-1.7.25.jar:/home/vojta3310/NetBeansProjects/V-Control/build/classes
Launcher Type: SUN_STANDARD

Environment Variables:
PATH=/home/vojta3310/.local/share/umake/bin:/usr/local/sbin:/usr/local/bin:/usr/sbin:/usr/bin:/sbin:/bin:/usr/games:/usr/local/games
USERNAME=vojta3310
LD_LIBRARY_PATH=/usr/lib/jvm/default-java/jre/lib/amd64:/usr/lib/jvm/default-java/jre/lib/i386:
SHELL=/bin/bash
DISPLAY=:0

Signal Handlers:
SIGSEGV: [libjvm.so+0xacba10], sa_mask[0]=11111111011111111101111111111110, sa_flags=SA_RESTART|SA_SIGINFO
SIGBUS: [libjvm.so+0xacba10], sa_mask[0]=11111111011111111101111111111110, sa_flags=SA_RESTART|SA_SIGINFO
SIGFPE: [libjvm.so+0x924ba0], sa_mask[0]=11111111011111111101111111111110, sa_flags=SA_RESTART|SA_SIGINFO
SIGPIPE: SIG_IGN, sa_mask[0]=00000000000010000000000000000000, sa_flags=SA_RESTART
SIGXFSZ: [libjvm.so+0x924ba0], sa_mask[0]=11111111011111111101111111111110, sa_flags=SA_RESTART|SA_SIGINFO
SIGILL: [libjvm.so+0x924ba0], sa_mask[0]=11111111011111111101111111111110, sa_flags=SA_RESTART|SA_SIGINFO
SIGUSR1: SIG_DFL, sa_mask[0]=00000000000000000000000000000000, sa_flags=none
SIGUSR2: [libjvm.so+0x9263e0], sa_mask[0]=00100000000000000000000000000000, sa_flags=SA_RESTART|SA_SIGINFO
SIGHUP: [libjvm.so+0x9277e0], sa_mask[0]=11111111011111111101111111111110, sa_flags=SA_RESTART|SA_SIGINFO
SIGINT: SIG_IGN, sa_mask[0]=00000000000000000000000000000000, sa_flags=none
SIGTERM: [libjvm.so+0x9277e0], sa_mask[0]=11111111011111111101111111111110, sa_flags=SA_RESTART|SA_SIGINFO
SIGQUIT: [libjvm.so+0x9277e0], sa_mask[0]=11111111011111111101111111111110, sa_flags=SA_RESTART|SA_SIGINFO


---------------  S Y S T E M  ---------------

OS:DISTRIB_ID=LinuxMint
DISTRIB_RELEASE=17.2
DISTRIB_CODENAME=rafaela
DISTRIB_DESCRIPTION="Linux Mint 17.2 Rafaela"

uname:Linux 3.16.0-38-generic #52~14.04.1-Ubuntu SMP Fri May 8 09:43:57 UTC 2015 x86_64
libc:glibc 2.19 NPTL 2.19 
rlimit: STACK 8192k, CORE 0k, NPROC 31371, NOFILE 4096, AS infinity
load average:1,02 0,60 0,68

/proc/meminfo:
MemTotal:        8063000 kB
MemFree:         5143868 kB
MemAvailable:    6167252 kB
Buffers:          115616 kB
Cached:          1203028 kB
SwapCached:            0 kB
Active:          1911696 kB
Inactive:         771772 kB
Active(anon):    1365880 kB
Inactive(anon):   172656 kB
Active(file):     545816 kB
Inactive(file):   599116 kB
Unevictable:         104 kB
Mlocked:             104 kB
SwapTotal:       8788988 kB
SwapFree:        8788988 kB
Dirty:                36 kB
Writeback:             0 kB
AnonPages:       1364908 kB
Mapped:           268468 kB
Shmem:            173736 kB
Slab:             122720 kB
SReclaimable:      94772 kB
SUnreclaim:        27948 kB
KernelStack:        6928 kB
PageTables:        19976 kB
NFS_Unstable:          0 kB
Bounce:                0 kB
WritebackTmp:          0 kB
CommitLimit:    12820488 kB
Committed_AS:    2913100 kB
VmallocTotal:   34359738367 kB
VmallocUsed:      564336 kB
VmallocChunk:   34359169444 kB
HardwareCorrupted:     0 kB
AnonHugePages:    966656 kB
HugePages_Total:       0
HugePages_Free:        0
HugePages_Rsvd:        0
HugePages_Surp:        0
Hugepagesize:       2048 kB
DirectMap4k:       73216 kB
DirectMap2M:     1912832 kB
DirectMap1G:     6291456 kB


CPU:total 4 (initial active 4) (2 cores per cpu, 2 threads per core) family 6 model 61 stepping 4, cmov, cx8, fxsr, mmx, sse, sse2, sse3, ssse3, sse4.1, sse4.2, popcnt, avx, avx2, aes, clmul, erms, 3dnowpref, lzcnt, ht, tsc, tscinvbit, bmi1, bmi2, adx

/proc/cpuinfo:
processor	: 0
vendor_id	: GenuineIntel
cpu family	: 6
model		: 61
model name	: Intel(R) Core(TM) i5-5200U CPU @ 2.20GHz
stepping	: 4
microcode	: 0x18
cpu MHz		: 2109.421
cache size	: 3072 KB
physical id	: 0
siblings	: 4
core id		: 0
cpu cores	: 2
apicid		: 0
initial apicid	: 0
fpu		: yes
fpu_exception	: yes
cpuid level	: 20
wp		: yes
flags		: fpu vme de pse tsc msr pae mce cx8 apic sep mtrr pge mca cmov pat pse36 clflush dts acpi mmx fxsr sse sse2 ss ht tm pbe syscall nx pdpe1gb rdtscp lm constant_tsc arch_perfmon pebs bts rep_good nopl xtopology nonstop_tsc aperfmperf eagerfpu pni pclmulqdq dtes64 monitor ds_cpl vmx est tm2 ssse3 fma cx16 xtpr pdcm pcid sse4_1 sse4_2 x2apic movbe popcnt tsc_deadline_timer aes xsave avx f16c rdrand lahf_lm abm 3dnowprefetch ida arat epb xsaveopt pln pts dtherm tpr_shadow vnmi flexpriority ept vpid fsgsbase tsc_adjust bmi1 avx2 smep bmi2 erms invpcid rdseed adx smap
bogomips	: 4389.84
clflush size	: 64
cache_alignment	: 64
address sizes	: 39 bits physical, 48 bits virtual
power management:

processor	: 1
vendor_id	: GenuineIntel
cpu family	: 6
model		: 61
model name	: Intel(R) Core(TM) i5-5200U CPU @ 2.20GHz
stepping	: 4
microcode	: 0x18
cpu MHz		: 1821.617
cache size	: 3072 KB
physical id	: 0
siblings	: 4
core id		: 0
cpu cores	: 2
apicid		: 1
initial apicid	: 1
fpu		: yes
fpu_exception	: yes
cpuid level	: 20
wp		: yes
flags		: fpu vme de pse tsc msr pae mce cx8 apic sep mtrr pge mca cmov pat pse36 clflush dts acpi mmx fxsr sse sse2 ss ht tm pbe syscall nx pdpe1gb rdtscp lm constant_tsc arch_perfmon pebs bts rep_good nopl xtopology nonstop_tsc aperfmperf eagerfpu pni pclmulqdq dtes64 monitor ds_cpl vmx est tm2 ssse3 fma cx16 xtpr pdcm pcid sse4_1 sse4_2 x2apic movbe popcnt tsc_deadline_timer aes xsave avx f16c rdrand lahf_lm abm 3dnowprefetch ida arat epb xsaveopt pln pts dtherm tpr_shadow vnmi flexpriority ept vpid fsgsbase tsc_adjust bmi1 avx2 smep bmi2 erms invpcid rdseed adx smap
bogomips	: 4389.84
clflush size	: 64
cache_alignment	: 64
address sizes	: 39 bits physical, 48 bits virtual
power management:

processor	: 2
vendor_id	: GenuineIntel
cpu family	: 6
model		: 61
model name	: Intel(R) Core(TM) i5-5200U CPU @ 2.20GHz
stepping	: 4
microcode	: 0x18
cpu MHz		: 1882.031
cache size	: 3072 KB
physical id	: 0
siblings	: 4
core id		: 1
cpu cores	: 2
apicid		: 2
initial apicid	: 2
fpu		: yes
fpu_exception	: yes
cpuid level	: 20
wp		: yes
flags		: fpu vme de pse tsc msr pae mce cx8 apic sep mtrr pge mca cmov pat pse36 clflush dts acpi mmx fxsr sse sse2 ss ht tm pbe syscall nx pdpe1gb rdtscp lm constant_tsc arch_perfmon pebs bts rep_good nopl xtopology nonstop_tsc aperfmperf eagerfpu pni pclmulqdq dtes64 monitor ds_cpl vmx est tm2 ssse3 fma cx16 xtpr pdcm pcid sse4_1 sse4_2 x2apic movbe popcnt tsc_deadline_timer aes xsave avx f16c rdrand lahf_lm abm 3dnowprefetch ida arat epb xsaveopt pln pts dtherm tpr_shadow vnmi flexpriority ept vpid fsgsbase tsc_adjust bmi1 avx2 smep bmi2 erms invpcid rdseed adx smap
bogomips	: 4389.84
clflush size	: 64
cache_alignment	: 64
address sizes	: 39 bits physical, 48 bits virtual
power management:

processor	: 3
vendor_id	: GenuineIntel
cpu family	: 6
model		: 61
model name	: Intel(R) Core(TM) i5-5200U CPU @ 2.20GHz
stepping	: 4
microcode	: 0x18
cpu MHz		: 1348.359
cache size	: 3072 KB
physical id	: 0
siblings	: 4
core id		: 1
cpu cores	: 2
apicid		: 3
initial apicid	: 3
fpu		: yes
fpu_exception	: yes
cpuid level	: 20
wp		: yes
flags		: fpu vme de pse tsc msr pae mce cx8 apic sep mtrr pge mca cmov pat pse36 clflush dts acpi mmx fxsr sse sse2 ss ht tm pbe syscall nx pdpe1gb rdtscp lm constant_tsc arch_perfmon pebs bts rep_good nopl xtopology nonstop_tsc aperfmperf eagerfpu pni pclmulqdq dtes64 monitor ds_cpl vmx est tm2 ssse3 fma cx16 xtpr pdcm pcid sse4_1 sse4_2 x2apic movbe popcnt tsc_deadline_timer aes xsave avx f16c rdrand lahf_lm abm 3dnowprefetch ida arat epb xsaveopt pln pts dtherm tpr_shadow vnmi flexpriority ept vpid fsgsbase tsc_adjust bmi1 avx2 smep bmi2 erms invpcid rdseed adx smap
bogomips	: 4389.84
clflush size	: 64
cache_alignment	: 64
address sizes	: 39 bits physical, 48 bits virtual
power management:



Memory: 4k page, physical 8063000k(5143868k free), swap 8788988k(8788988k free)

vm_info: Java HotSpot(TM) 64-Bit Server VM (25.144-b01) for linux-amd64 JRE (1.8.0_144-b01), built on Jul 21 2017 21:57:33 by "java_re" with gcc 4.3.0 20080428 (Red Hat 4.3.0-8)

time: Tue Sep  5 21:24:12 2017
elapsed time: 6 seconds (0d 0h 0m 6s)

